\BOOKMARK [1][-]{Doc-Start}{\376\377\000A\000n\000a\000l\000y\000s\000i\000s}{}% 1
\BOOKMARK [1][-]{section.1}{\376\377\000M\000a\000t\000h\000e\000m\000a\000t\000i\000k\000\040\000a\000l\000s\000\040\000S\000p\000r\000a\000c\000h\000e}{}% 2
\BOOKMARK [2][-]{subsection.1.1}{\376\377\000V\000o\000l\000l\000s\000t\000\344\000n\000d\000i\000g\000e\000\040\000I\000n\000d\000u\000k\000t\000i\000o\000n}{section.1}% 3
\BOOKMARK [2][-]{subsection.1.2}{\376\377\000R\000e\000k\000u\000r\000s\000i\000o\000n}{section.1}% 4
\BOOKMARK [2][-]{subsection.1.3}{\376\377\000K\000o\000m\000b\000i\000n\000a\000t\000o\000r\000i\000k}{section.1}% 5
\BOOKMARK [2][-]{subsection.1.4}{\376\377\000A\000l\000g\000e\000b\000r\000a\000i\000s\000c\000h\000e\000\040\000S\000t\000r\000u\000k\000t\000u\000r\000e\000n}{section.1}% 6
\BOOKMARK [2][-]{subsection.1.5}{\376\377\000D\000a\000s\000\040\000a\000r\000c\000h\000i\000m\000e\000d\000i\000s\000c\000h\000e\000\040\000P\000r\000i\000n\000z\000i\000p}{section.1}% 7
\BOOKMARK [1][-]{section.2}{\376\377\000D\000i\000e\000\040\000K\000o\000m\000p\000l\000e\000x\000e\000\040\000E\000b\000e\000n\000e}{}% 8
\BOOKMARK [1][-]{section.3}{\376\377\000F\000o\000l\000g\000e\000n\000\040\000u\000n\000d\000\040\000R\000e\000i\000h\000e\000n}{}% 9
\BOOKMARK [2][-]{subsection.3.1}{\376\377\000F\000o\000l\000g\000e\000n}{section.3}% 10
\BOOKMARK [2][-]{subsection.3.2}{\376\377\000R\000e\000i\000h\000e\000n}{section.3}% 11
\BOOKMARK [3][-]{subsubsection.3.2.1}{\376\377\000K\000o\000n\000v\000e\000r\000g\000e\000n\000z\000k\000r\000i\000t\000e\000r\000i\000e\000n}{subsection.3.2}% 12
\BOOKMARK [3][-]{subsubsection.3.2.2}{\376\377\000U\000m\000o\000r\000d\000n\000u\000n\000g\000s\000-\000,\000\040\000P\000r\000o\000d\000u\000k\000t\000s\000a\000t\000z}{subsection.3.2}% 13
\BOOKMARK [3][-]{subsubsection.3.2.3}{\376\377\000E\000x\000p\000o\000n\000e\000n\000t\000i\000a\000l\000r\000e\000i\000h\000e}{subsection.3.2}% 14
\BOOKMARK [1][-]{section.4}{\376\377\000F\000u\000n\000k\000t\000i\000o\000n\000e\000n\000\040\000a\000l\000s\000\040\000R\000e\000i\000h\000e}{}% 15
\BOOKMARK [2][-]{subsection.4.1}{\376\377\000S\000t\000e\000t\000i\000g\000k\000e\000i\000t\000\040\000v\000o\000n\000\040\000F\000u\000n\000k\000t\000i\000o\000n\000e\000n}{section.4}% 16
\BOOKMARK [3][-]{subsubsection.4.1.1}{\376\377\000K\000l\000a\000s\000s\000e\000n\000\040\000d\000e\000r\000\040\000S\000t\000e\000t\000i\000g\000k\000e\000i\000t}{subsection.4.1}% 17
\BOOKMARK [3][-]{subsubsection.4.1.2}{\376\377\000G\000l\000e\000i\000c\000h\000m\000\344\000\337\000i\000g\000\040\000s\000t\000e\000t\000i\000g}{subsection.4.1}% 18
\BOOKMARK [3][-]{subsubsection.4.1.3}{\376\377\000K\000o\000n\000v\000e\000r\000g\000e\000n\000z\000r\000a\000d\000i\000u\000s}{subsection.4.1}% 19
\BOOKMARK [3][-]{subsubsection.4.1.4}{\376\377\000C\000a\000u\000c\000h\000y\000-\000H\000a\000d\000a\000m\000a\000r\000d}{subsection.4.1}% 20
\BOOKMARK [3][-]{subsubsection.4.1.5}{\376\377\000I\000n\000j\000e\000k\000t\000i\000v\000,\000\040\000S\000u\000r\000j\000e\000k\000t\000i\000v\000,\000\040\000B\000i\000j\000e\000k\000t\000i\000v}{subsection.4.1}% 21
\BOOKMARK [3][-]{subsubsection.4.1.6}{\376\377\000T\000r\000i\000g\000o\000n\000o\000m\000e\000t\000r\000i\000s\000c\000h\000e\000\040\000F\000u\000n\000k\000t\000i\000o\000n\000e\000n}{subsection.4.1}% 22
\BOOKMARK [2][-]{subsection.4.2}{\376\377\000D\000i\000f\000f\000e\000r\000e\000n\000z\000i\000e\000r\000b\000a\000r\000k\000e\000i\000t\000\040\000v\000o\000n\000\040\000F\000u\000n\000k\000t\000i\000o\000n\000e\000n}{section.4}% 23
\BOOKMARK [3][-]{subsubsection.4.2.1}{\376\377\000M\000e\000n\000g\000e\000n}{subsection.4.2}% 24
\BOOKMARK [3][-]{subsubsection.4.2.2}{\376\377\000D\000i\000f\000f\000e\000r\000e\000n\000z\000i\000e\000r\000b\000a\000r\000k\000e\000i\000t}{subsection.4.2}% 25
\BOOKMARK [3][-]{subsubsection.4.2.3}{\376\377\000R\000e\000g\000e\000l\000\040\000v\000o\000n\000\040\000l\000'\000H\000\364\000p\000i\000t\000a\000l}{subsection.4.2}% 26
\BOOKMARK [2][-]{subsection.4.3}{\376\377\000H\000y\000p\000e\000r\000b\000e\000l\000f\000u\000n\000k\000t\000i\000o\000n\000e\000n}{section.4}% 27
\BOOKMARK [2][-]{subsection.4.4}{\376\377\000T\000a\000y\000l\000o\000r\000p\000o\000l\000y\000n\000o\000m\000e\000\040\000u\000n\000d\000\040\000-\000r\000e\000i\000h\000e}{section.4}% 28
\BOOKMARK [3][-]{subsubsection.4.4.1}{\376\377\000F\000u\000n\000k\000t\000i\000o\000n\000e\000n\000f\000o\000l\000g\000e\000n}{subsection.4.4}% 29
\BOOKMARK [1][-]{section.5}{\376\377\000I\000n\000t\000e\000g\000r\000a\000t\000i\000o\000n\000\040\000r\000e\000e\000l\000l\000e\000r\000\040\000F\000u\000n\000k\000t\000i\000o\000n\000e\000n}{}% 30
\BOOKMARK [2][-]{subsection.5.1}{\376\377\000R\000i\000e\000m\000a\000n\000n\000i\000n\000t\000e\000g\000r\000a\000t\000i\000o\000n}{section.5}% 31
\BOOKMARK [3][-]{subsubsection.5.1.1}{\376\377\000H\000a\000u\000p\000t\000s\000\344\000t\000z\000e\000\040\000d\000e\000r\000\040\000I\000n\000t\000e\000g\000r\000a\000l\000r\000e\000c\000h\000n\000u\000n\000g}{subsection.5.1}% 32
\BOOKMARK [1][-]{section.6}{\376\377\000D\000i\000f\000f\000e\000r\000e\000n\000z\000i\000a\000l\000g\000l\000e\000i\000c\000h\000u\000n\000g\000e\000n}{}% 33
\BOOKMARK [2][-]{subsection.6.1}{\376\377\000I\000n\000h\000o\000m\000o\000g\000e\000n\000e\000\040\000l\000i\000n\000e\000a\000r\000e\000\040\000D\000G\000L\000\040\0001\000.\000\040\000O\000r\000d\000n\000u\000n\000g}{section.6}% 34
\BOOKMARK [2][-]{subsection.6.2}{\376\377\000H\000o\000m\000o\000g\000e\000n\000e\000\040\000l\000i\000n\000e\000a\000r\000e\000\040\000D\000G\000L\000\040\000n\040\023\000t\000e\000r\000\040\000O\000r\000d\000n\000u\000n\000g}{section.6}% 35
\BOOKMARK [2][-]{subsection.6.3}{\376\377\000H\000o\000m\000o\000g\000e\000n\000e\000\040\000l\000i\000n\000e\000a\000r\000e\000\040\000D\000G\000L\000\040\000n\040\023\000t\000e\000r\000\040\000O\000r\000d\000n\000u\000n\000g\000\040\000m\000i\000t\000\040\000k\000o\000n\000s\000t\000a\000n\000t\000e\000n\000\040\000K\000o\000e\000f\000f\000i\000z\000i\000e\000n\000t\000e\000n}{section.6}% 36
\BOOKMARK [1][-]{subsection.6.3}{\376\377\000L\000i\000n\000e\000a\000r\000e\000\040\000A\000l\000g\000e\000b\000r\000a}{}% 37
\BOOKMARK [1][-]{section.7}{\376\377\000L\000i\000n\000e\000a\000r\000e\000\040\000G\000l\000e\000i\000c\000h\000u\000n\000g\000s\000s\000y\000s\000t\000e\000m\000e}{}% 38
\BOOKMARK [2][-]{subsection.7.1}{\376\377\000D\000e\000r\000\040\000G\000a\000u\000\337\000-\000A\000l\000g\000o\000r\000i\000t\000h\000m\000u\000s}{section.7}% 39
\BOOKMARK [1][-]{section.8}{\376\377\000V\000e\000k\000t\000o\000r\000r\000\344\000u\000m\000e}{}% 40
\BOOKMARK [2][-]{subsection.8.1}{\376\377\000U\000n\000t\000e\000r\000v\000e\000k\000t\000o\000r\000r\000\344\000u\000m\000e}{section.8}% 41
\BOOKMARK [2][-]{subsection.8.2}{\376\377\000L\000i\000n\000e\000a\000r\000k\000o\000m\000b\000i\000n\000a\000t\000i\000o\000n\000e\000n\000\040\000u\000n\000d\000\040\000B\000a\000s\000e\000n}{section.8}% 42
\BOOKMARK [2][-]{subsection.8.3}{\376\377\000E\000x\000i\000s\000t\000e\000n\000z\000s\000\344\000t\000z\000e\000\040\000f\000\374\000r\000\040\000B\000a\000s\000e\000n}{section.8}% 43
\BOOKMARK [1][-]{section.9}{\376\377\000L\000i\000n\000e\000a\000r\000e\000\040\000A\000b\000b\000i\000l\000d\000u\000n\000g\000e\000n}{}% 44
\BOOKMARK [2][-]{subsection.9.1}{\376\377\000B\000i\000l\000d\000,\000\040\000K\000e\000r\000n}{section.9}% 45
\BOOKMARK [2][-]{subsection.9.2}{\376\377\000H\000o\000m\000o\000m\000o\000r\000p\000h\000i\000s\000m\000e\000n}{section.9}% 46
\BOOKMARK [2][-]{subsection.9.3}{\376\377\000K\000l\000a\000s\000s\000i\000f\000i\000k\000a\000t\000i\000o\000n\000\040\000e\000n\000d\000l\000i\000c\000h\000-\000d\000i\000m\000e\000n\000s\000i\000o\000n\000a\000l\000e\000r\000\040\000V\000R}{section.9}% 47
\BOOKMARK [1][-]{section.10}{\376\377\000M\000a\000t\000r\000i\000z\000e\000n}{}% 48
\BOOKMARK [2][-]{subsection.10.1}{\376\377\000L\000i\000n\000e\000a\000r\000e\000\040\000A\000b\000b\000i\000l\000d\000u\000n\000g\000e\000n\000\040\000u\000n\000d\000\040\000M\000a\000t\000r\000i\000z\000e\000n}{section.10}% 49
\BOOKMARK [2][-]{subsection.10.2}{\376\377\000V\000e\000r\000s\000c\000h\000i\000e\000b\000u\000n\000g\000\040\000d\000e\000r\000\040\000L\000\366\000s\000u\000n\000g\000s\000m\000e\000n\000g\000e}{section.10}% 50
\BOOKMARK [2][-]{subsection.10.3}{\376\377\000K\000o\000o\000r\000d\000i\000n\000a\000t\000e\000n\000t\000r\000a\000n\000s\000f\000o\000r\000m\000a\000t\000i\000o\000n}{section.10}% 51
\BOOKMARK [3][-]{subsubsection.10.3.1}{\376\377\000T\000r\000a\000n\000s\000f\000o\000r\000m\000a\000t\000i\000o\000n\000s\000m\000a\000t\000r\000i\000x}{subsection.10.3}% 52
\BOOKMARK [3][-]{subsubsection.10.3.2}{\376\377\000T\000r\000a\000n\000s\000f\000o\000r\000m\000a\000t\000i\000o\000n\000\040\000d\000a\000r\000s\000t\000e\000l\000l\000e\000n\000d\000e\000r\000\040\000M\000a\000t\000r\000i\000z\000e\000n}{subsection.10.3}% 53
\BOOKMARK [2][-]{subsection.10.4}{\376\377\000E\000i\000g\000e\000n\000w\000e\000r\000t\000e\000\040\000u\000n\000d\000\040\000E\000i\000g\000e\000n\000v\000e\000k\000t\000o\000r\000e\000n}{section.10}% 54
\BOOKMARK [3][-]{subsubsection.10.4.1}{\376\377\000E\000i\000g\000e\000n\000r\000\344\000u\000m\000e\000\040\000z\000u\000\040\000E\000i\000g\000e\000n\000w\000e\000r\000t\000e\000n}{subsection.10.4}% 55
\BOOKMARK [3][-]{subsubsection.10.4.2}{\376\377\000L\000i\000n\000e\000a\000r\000e\000\040\000u\000n\000a\000b\000h\000\344\000n\000g\000i\000g\000k\000e\000i\000t\000\040\000d\000e\000r\000\040\000E\000i\000g\000e\000n\000v\000e\000k\000t\000o\000r\000e\000n}{subsection.10.4}% 56
\BOOKMARK [3][-]{subsubsection.10.4.3}{\376\377\000F\000i\000n\000d\000e\000n\000\040\000d\000e\000r\000\040\000E\000i\000g\000e\000n\000w\000e\000r\000t\000e}{subsection.10.4}% 57
\BOOKMARK [1][-]{section.11}{\376\377\000D\000e\000t\000e\000r\000m\000i\000n\000a\000n\000t\000e\000n\000\040\000v\000o\000n\000\040\000M\000a\000t\000r\000i\000z\000e\000n}{}% 58
\BOOKMARK [2][-]{subsection.11.1}{\376\377\000L\000a\000p\000l\000a\000c\000e\000s\000c\000h\000e\000r\000\040\000E\000n\000t\000w\000i\000c\000k\000l\000u\000n\000g\000s\000s\000a\000t\000z}{section.11}% 59
\BOOKMARK [2][-]{subsection.11.2}{\376\377\000G\000a\000u\000\337\000s\000c\000h\000e\000r\000\040\000A\000l\000g\000o\000r\000i\000t\000h\000m\000u\000s}{section.11}% 60
\BOOKMARK [2][-]{subsection.11.3}{\376\377\000C\000h\000a\000r\000a\000k\000t\000e\000r\000i\000s\000t\000i\000s\000c\000h\000e\000\040\000P\000o\000l\000y\000n\000o\000m\000e\000\040\000u\000n\000d\000\040\000D\000i\000a\000g\000o\000n\000a\000l\000i\000s\000i\000e\000r\000b\000a\000r\000k\000e\000i\000t}{section.11}% 61
\BOOKMARK [2][-]{subsection.11.4}{\376\377\000A\000l\000g\000o\000r\000i\000t\000h\000m\000u\000s\000\040\000z\000u\000r\000\040\000B\000e\000s\000t\000i\000m\000m\000u\000n\000g\000\040\000d\000e\000r\000\040\000D\000i\000a\000g\000o\000n\000a\000l\000b\000a\000s\000i\000s}{section.11}% 62
\BOOKMARK [3][-]{subsubsection.11.4.1}{\376\377\000L\000i\000m\000e\000s}{subsection.11.4}% 63
\BOOKMARK [1][-]{section.12}{\376\377\000E\000u\000k\000l\000i\000d\000i\000s\000c\000h\000e\000\040\000V\000e\000k\000t\000o\000r\000r\000\344\000u\000m\000e}{}% 64
