\BOOKMARK [1][-]{section.1}{\376\377\000N\000e\000w\000t\000o\000n\000'\000s\000c\000h\000e\000\040\000M\000e\000c\000h\000a\000n\000i\000k}{}% 1
\BOOKMARK [2][-]{subsection.1.1}{\376\377\000I\000n\000e\000r\000t\000i\000a\000l\000s\000y\000s\000t\000e\000m\000e}{section.1}% 2
\BOOKMARK [2][-]{subsection.1.2}{\376\377\000N\000e\000w\000t\000o\000n\040\023\000G\000e\000s\000e\000t\000z\000e}{section.1}% 3
\BOOKMARK [3][-]{subsubsection.1.2.1}{\376\377\000D\000G\000L}{subsection.1.2}% 4
\BOOKMARK [2][-]{subsection.1.3}{\376\377\000B\000e\000i\000s\000p\000i\000e\000l\000:\000\040\000A\000n\000g\000e\000t\000r\000i\000e\000b\000e\000n\000e\000r\000,\000\040\000g\000e\000d\000\344\000m\000p\000f\000t\000e\000r\000\040\000h\000a\000r\000m\000o\000n\000i\000s\000c\000h\000e\000r\000\040\000O\000s\000z\000i\000l\000l\000a\000t\000o\000r}{section.1}% 5
\BOOKMARK [2][-]{subsection.1.4}{\376\377\000K\000o\000n\000s\000e\000r\000v\000a\000t\000i\000v\000e\000\040\000K\000r\000\344\000f\000t\000e}{section.1}% 6
\BOOKMARK [3][-]{subsubsection.1.4.1}{\376\377\000B\000e\000i\000s\000p\000i\000e\000l\000:\000\040\000h\000a\000r\000m\000o\000n\000i\000s\000c\000h\000e\000r\000,\000\040\000u\000n\000g\000e\000d\000\344\000m\000p\000f\000t\000e\000r\000\040\000O\000s\000z\000i\000l\000l\000a\000t\000o\000r}{subsection.1.4}% 7
\BOOKMARK [1][-]{section.2}{\376\377\000K\000i\000n\000e\000t\000i\000s\000c\000h\000e\000\040\000u\000n\000d\000\040\000p\000o\000t\000e\000n\000z\000i\000e\000l\000l\000e\000\040\000E\000n\000e\000r\000g\000i\000e}{}% 8
\BOOKMARK [2][-]{subsection.2.1}{\376\377\000E\000i\000n\000e\000\040\000D\000i\000m\000e\000n\000s\000i\000o\000n}{section.2}% 9
\BOOKMARK [2][-]{subsection.2.2}{\376\377\000D\000r\000e\000i\000\040\000D\000i\000m\000e\000n\000s\000i\000o\000n\000e\000n}{section.2}% 10
\BOOKMARK [3][-]{subsubsection.2.2.1}{\376\377\000K\000o\000n\000v\000s\000e\000r\000v\000a\000t\000i\000v\000e\000\040\000K\000r\000\344\000f\000t\000e}{subsection.2.2}% 11
\BOOKMARK [3][-]{subsubsection.2.2.2}{\376\377\000B\000e\000i\000s\000p\000i\000e\000l\000:\000\040\000Z\000e\000n\000t\000r\000a\000l\000k\000r\000a\000f\000t}{subsection.2.2}% 12
\BOOKMARK [1][-]{section.3}{\376\377\000O\000s\000z\000i\000l\000l\000a\000t\000o\000r\000e\000n}{}% 13
\BOOKMARK [2][-]{subsection.3.1}{\376\377\000G\000e\000k\000o\000p\000p\000e\000l\000t\000e\000,\000\040\000h\000a\000r\000m\000o\000n\000i\000s\000c\000h\000e\000\040\000O\000s\000z\000i\000l\000l\000a\000t\000o\000r\000e\000n}{section.3}% 14
\BOOKMARK [2][-]{subsection.3.2}{\376\377\000A\000l\000l\000g\000e\000m\000e\000i\000n\000e\000r\000\040\000F\000a\000l\000l\000:\000\040\000v\000e\000r\000s\000c\000h\000i\000e\000d\000e\000n\000e\000\040\000M\000a\000s\000s\000e\000n\000\040\000u\000n\000d\000\040\000P\000h\000a\000s\000e\000n}{section.3}% 15
\BOOKMARK [1][-]{section.4}{\376\377\000L\000a\000g\000r\000a\000n\000g\000e\000f\000o\000r\000m\000a\000l\000i\000s\000m\000u\000s}{}% 16
\BOOKMARK [2][-]{subsection.4.1}{\376\377\000E\000i\000n\000e\000\040\000D\000i\000m\000e\000n\000s\000i\000o\000n}{section.4}% 17
\BOOKMARK [2][-]{subsection.4.2}{\376\377\000n\040\023\000M\000a\000s\000s\000e\000n\000p\000u\000n\000k\000t\000e\000\040\000i\000n\000\040\000d\000r\000e\000i\000\040\000D\000i\000m\000e\000n\000s\000i\000o\000n\000e\000n}{section.4}% 18
\BOOKMARK [3][-]{subsubsection.4.2.1}{\376\377\000B\000e\000i\000s\000p\000i\000e\000l\000:\000\040\000T\000e\000i\000l\000c\000h\000e\000n\000\040\000i\000n\000\040\000d\000e\000r\000\040\000E\000b\000e\000n\000e\000\040\000m\000i\000t\000\040\000Z\000e\000n\000t\000r\000a\000l\000p\000o\000t\000e\000n\000t\000i\000a\000l\000\040\000V\000\050\000r\000\051}{subsection.4.2}% 19
\BOOKMARK [2][-]{subsection.4.3}{\376\377\000Z\000w\000a\000n\000g\000s\000b\000e\000d\000i\000n\000g\000u\000n\000g\000e\000n}{section.4}% 20
\BOOKMARK [3][-]{subsubsection.4.3.1}{\376\377\000H\000o\000l\000o\000n\000o\000m\000e}{subsection.4.3}% 21
\BOOKMARK [3][-]{subsubsection.4.3.2}{\376\377\000B\000e\000i\000s\000p\000i\000e\000l\000:\000\040\000P\000e\000n\000d\000e\000l\000\040\000a\000n\000\040\000o\000s\000z\000i\000l\000l\000i\000r\000e\000n\000d\000e\000r\000\040\000A\000u\000f\000h\000\344\000n\000g\000u\000n\000g}{subsection.4.3}% 22
\BOOKMARK [1][-]{section.5}{\376\377\000H\000a\000m\000i\000l\000t\000o\000n\000f\000o\000r\000m\000a\000l\000i\000s\000m\000u\000s}{}% 23
\BOOKMARK [2][-]{subsection.5.1}{\376\377\000W\000i\000r\000k\000u\000n\000g}{section.5}% 24
\BOOKMARK [2][-]{subsection.5.2}{\376\377\000H\000a\000m\000i\000l\000t\000o\000n\040\023\000F\000u\000n\000k\000t\000i\000o\000n\000\040\000u\000n\000d\000\040\000H\000a\000m\000i\000l\000t\000o\000n\040\023\000G\000l\000e\000i\000c\000h\000u\000n\000g}{section.5}% 25
\BOOKMARK [2][-]{subsection.5.3}{\376\377\000A\000l\000l\000g\000e\000m\000e\000i\000n\000e\000r\000\040\000A\000l\000g\000o\000r\000i\000t\000h\000m\000u\000s\000\040\000z\000u\000r\000\040\000B\000e\000r\000e\000c\000h\000n\000u\000n\000g\000\040\000v\000o\000n\000\040\000H}{section.5}% 26
\BOOKMARK [2][-]{subsection.5.4}{\376\377\000S\000a\000t\000z\000\040\000v\000o\000n\000\040\000L\000i\000o\000u\000v\000i\000l\000l\000e}{section.5}% 27
\BOOKMARK [2][-]{subsection.5.5}{\376\377\000V\000i\000r\000i\000a\000l\000s\000a\000t\000z}{section.5}% 28
\BOOKMARK [1][-]{section.6}{\376\377\000E\000r\000h\000a\000l\000t\000u\000n\000g\000s\000s\000\344\000t\000z\000e\000\040\040\023\000\040\000N\000o\000e\000t\000h\000e\000r\000'\000s\000\040\000T\000h\000e\000o\000r\000e\000m}{}% 29
\BOOKMARK [2][-]{subsection.6.1}{\376\377\000E\000n\000e\000r\000g\000i\000e\000e\000r\000h\000a\000l\000t\000u\000n\000g}{section.6}% 30
\BOOKMARK [2][-]{subsection.6.2}{\376\377\000I\000m\000p\000u\000l\000s\000e\000r\000h\000a\000l\000t\000u\000n\000g}{section.6}% 31
\BOOKMARK [3][-]{subsubsection.6.2.1}{\376\377\000B\000e\000i\000s\000p\000i\000e\000l\000:\000\040\000Z\000u\000g\000\040\000i\000m\000\040\000R\000e\000g\000e\000n}{subsection.6.2}% 32
\BOOKMARK [3][-]{subsubsection.6.2.2}{\376\377\000B\000e\000i\000s\000p\000i\000e\000l\000:\000\040\000R\000a\000k\000e\000t\000e\000n\000a\000n\000t\000r\000i\000e\000b}{subsection.6.2}% 33
\BOOKMARK [2][-]{subsection.6.3}{\376\377\000E\000l\000a\000s\000t\000i\000s\000c\000h\000e\000r\000\040\000S\000t\000o\000\337}{section.6}% 34
\BOOKMARK [2][-]{subsection.6.4}{\376\377\000D\000r\000e\000h\000i\000m\000p\000u\000l\000s\000e\000r\000h\000a\000l\000t\000u\000n\000g}{section.6}% 35
\BOOKMARK [3][-]{subsubsection.6.4.1}{\376\377\000B\000e\000i\000s\000p\000i\000e\000l\000:\000\040\000B\000e\000w\000e\000g\000u\000n\000g\000\040\000i\000n\000\040\000d\000e\000r\000\040\000\050\000x\000,\000y\000\051\000\040\000E\000b\000e\000n\000e}{subsection.6.4}% 36
\BOOKMARK [2][-]{subsection.6.5}{\376\377\000K\000e\000p\000l\000e\000r\040\023\000G\000e\000s\000e\000t\000z\000e}{section.6}% 37
\BOOKMARK [2][-]{subsection.6.6}{\376\377\000R\000u\000t\000h\000e\000r\000f\000o\000r\000d\040\023\000S\000t\000r\000e\000u\000u\000n\000g}{section.6}% 38
\BOOKMARK [2][-]{subsection.6.7}{\376\377\000M\000e\000h\000r\000k\000\366\000r\000p\000e\000r\000s\000y\000s\000t\000e\000m\000e}{section.6}% 39
\BOOKMARK [3][-]{subsubsection.6.7.1}{\376\377\000Z\000w\000e\000i\000k\000\366\000r\000p\000e\000r\000p\000r\000o\000b\000l\000e\000m}{subsection.6.7}% 40
\BOOKMARK [1][-]{section.7}{\376\377\000R\000o\000t\000a\000t\000i\000o\000n\000,\000\040\000b\000e\000s\000c\000h\000l\000.\000\040\000B\000e\000z\000u\000g\000s\000s\000y\000s\000t\000e\000m\000e\000\040\000u\000n\000d\000\040\000s\000t\000a\000r\000r\000e\000\040\000K\000\366\000r\000p\000e\000r}{}% 41
\BOOKMARK [2][-]{subsection.7.1}{\376\377\000S\000t\000a\000r\000r\000e\000\040\000K\000\366\000r\000p\000e\000r}{section.7}% 42
\BOOKMARK [3][-]{subsubsection.7.1.1}{\376\377\000R\000o\000t\000a\000t\000i\000o\000n\000\040\000e\000i\000n\000e\000s\000\040\000s\000t\000a\000r\000r\000e\000n\000\040\000K\000\366\000r\000p\000e\000r\000s}{subsection.7.1}% 43
\BOOKMARK [3][-]{subsubsection.7.1.2}{\376\377\000B\000e\000i\000s\000p\000i\000e\000l\000:\000\040\000R\000o\000l\000l\000e\000n\000d\000e\000s\000\040\000R\000a\000d}{subsection.7.1}% 44
\BOOKMARK [2][-]{subsection.7.2}{\376\377\000L\000a\000g\000r\000a\000n\000g\000e\040\023\000F\000u\000n\000k\000t\000i\000o\000n\000\040\000e\000i\000n\000e\000s\000\040\000s\000t\000a\000r\000r\000e\000n\000\040\000K\000\366\000r\000p\000e\000r\000s}{section.7}% 45
\BOOKMARK [2][-]{subsection.7.3}{\376\377\000B\000e\000s\000c\000h\000l\000e\000u\000n\000i\000g\000t\000e\000\040\000B\000e\000z\000u\000g\000s\000s\000y\000s\000t\000e\000m\000e}{section.7}% 46
\BOOKMARK [3][-]{subsubsection.7.3.1}{\376\377\000B\000e\000i\000s\000p\000i\000e\000l\000:\000\040\000F\000l\000\374\000s\000s\000i\000g\000k\000e\000i\000t\000\040\000i\000n\000\040\000r\000o\000t\000i\000e\000r\000e\000n\000d\000e\000m\000\040\000E\000i\000m\000e\000r}{subsection.7.3}% 47
\BOOKMARK [3][-]{subsubsection.7.3.2}{\376\377\000B\000e\000i\000s\000p\000i\000e\000l\000:\000\040\000B\000e\000w\000e\000g\000u\000n\000g\000\040\000a\000u\000f\000\040\000d\000e\000r\000\040\000E\000r\000d\000e}{subsection.7.3}% 48
\BOOKMARK [2][-]{subsection.7.4}{\376\377\000B\000e\000w\000e\000g\000u\000n\000g\000s\000g\000l\000e\000i\000c\000h\000u\000n\000g\000\040\000f\000\374\000r\000\040\000r\000o\000t\000i\000e\000r\000e\000n\000d\000e\000\040\000s\000t\000a\000r\000r\000e\000\040\000K\000\366\000r\000p\000e\000r}{section.7}% 49
\BOOKMARK [1][-]{section.8}{\376\377\000G\000r\000a\000v\000i\000t\000a\000t\000i\000o\000n\000\040\000u\000n\000d\000\040\000K\000o\000s\000m\000o\000l\000o\000g\000i\000e}{}% 50
\BOOKMARK [2][-]{subsection.8.1}{\376\377\000G\000e\000z\000e\000i\000t\000e\000n\000k\000r\000\344\000f\000t\000e}{section.8}% 51
\BOOKMARK [3][-]{subsubsection.8.1.1}{\376\377\000E\000f\000f\000e\000k\000t\000\040\000d\000e\000r\000\040\000G\000e\000z\000e\000i\000t\000e\000n\000\040\000a\000u\000f\000\040\000H\000i\000m\000m\000e\000l\000s\000k\000\366\000r\000p\000e\000r}{subsection.8.1}% 52
\BOOKMARK [2][-]{subsection.8.2}{\376\377\000A\000n\000w\000e\000n\000d\000u\000n\000g\000\040\000d\000e\000s\000\040\000G\000r\000a\000v\000i\000t\000a\000t\000i\000o\000n\000s\000g\000e\000s\000e\000t\000z\000e\000s\000\040\000i\000n\000\040\000F\000o\000r\000s\000c\000h\000u\000n\000g}{section.8}% 53
\BOOKMARK [1][-]{section.9}{\376\377\000D\000e\000r\000\040\000a\000n\000h\000a\000r\000m\000o\000n\000i\000s\000c\000h\000e\000\040\000O\000s\000z\000i\000l\000l\000a\000t\000o\000r}{}% 54
\BOOKMARK [2][-]{subsection.9.1}{\376\377\000a\000n\000h\000a\000r\000m\000o\000n\000i\000s\000c\000h\000e\000r\000\040\000O\000s\000z\000i\000l\000l\000a\000t\000o\000r\000\040\000m\000i\000t\000\040\000b\000e\000l\000i\000e\000b\000i\000g\000e\000r\000\040\000p\000o\000t\000e\000n\000t\000i\000e\000l\000l\000e\000r\000\040\000E\000n\000e\000r\000g\000i\000e}{section.9}% 55
\BOOKMARK [3][-]{subsubsection.9.1.1}{\376\377\000B\000e\000i\000s\000p\000i\000e\000l\000:\000\040\000M\000a\000s\000s\000e\000\040\000z\000w\000i\000s\000c\000h\000e\000n\000\040\000z\000w\000e\000i\000\040\000F\000e\000d\000e\000r\000n}{subsection.9.1}% 56
\BOOKMARK [3][-]{subsubsection.9.1.2}{\376\377\000B\000e\000i\000s\000p\000i\000e\000l\000:\000\040\000M\000a\000t\000h\000e\000m\000a\000t\000i\000s\000c\000h\000e\000s\000\040\000P\000e\000n\000d\000e\000l}{subsection.9.1}% 57
\BOOKMARK [2][-]{subsection.9.2}{\376\377\000S\000t\000\366\000r\000u\000n\000g\000s\000t\000h\000e\000o\000r\000e\000t\000i\000s\000c\000h\000e\000\040\000B\000e\000h\000a\000n\000d\000l\000u\000n\000g}{section.9}% 58
\BOOKMARK [3][-]{subsubsection.9.2.1}{\376\377\000B\000e\000i\000s\000p\000i\000e\000l\000:\000\040\000a\000n\000g\000e\000t\000r\000i\000e\000b\000e\000n\000e\000r\000,\000\040\000g\000e\000d\000\344\000m\000p\000f\000t\000e\000r\000,\000\040\000a\000n\000h\000a\000r\000m\000o\000n\000i\000s\000c\000h\000e\000r\000\040\000O\000s\000z\000i\000l\000l\000a\000t\000o\000r}{subsection.9.2}% 59
\BOOKMARK [2][-]{subsection.9.3}{\376\377\000E\000n\000t\000w\000i\000c\000k\000l\000u\000n\000g\000\040\000i\000n\000\040\000F\000o\000u\000r\000i\000e\000r\040\023\000K\000o\000m\000p\000o\000n\000e\000n\000t\000e\000n}{section.9}% 60
\BOOKMARK [2][-]{subsection.9.4}{\376\377\000\334\000b\000e\000r\000g\000a\000n\000g\000\040\000z\000u\000m\000\040\000C\000h\000a\000o\000s}{section.9}% 61
