\BOOKMARK [1][-]{section.1}{\376\377\000G\000r\000u\000n\000d\000z\000\374\000g\000e\000\040\000d\000e\000r\000\040\000W\000\344\000r\000m\000e\000l\000e\000h\000r\000e}{}% 1
\BOOKMARK [2][-]{subsection.1.1}{\376\377\000I\000d\000e\000a\000l\000e\000\040\000G\000a\000s\000k\000o\000n\000s\000t\000a\000n\000t\000e}{section.1}% 2
\BOOKMARK [2][-]{subsection.1.2}{\376\377\000W\000\344\000r\000m\000e\000m\000e\000n\000g\000e\000\040\000u\000n\000d\000\040\000W\000\344\000r\000m\000e\000t\000r\000a\000n\000s\000p\000o\000r\000t}{section.1}% 3
\BOOKMARK [3][-]{subsubsection.1.2.1}{\376\377\000W\000\344\000r\000m\000e\000k\000a\000p\000a\000z\000i\000t\000\344\000t}{subsection.1.2}% 4
\BOOKMARK [1][-]{section.2}{\376\377\000G\000r\000u\000n\000d\000z\000\374\000g\000e\000\040\000z\000u\000r\000\040\000k\000i\000n\000e\000t\000i\000s\000c\000h\000e\000n\000\040\000G\000a\000s\000t\000h\000e\000o\000r\000i\000e}{}% 5
\BOOKMARK [2][-]{subsection.2.1}{\376\377\000G\000a\000s\000d\000r\000u\000c\000k\000\040\000a\000l\000s\000\040\000d\000y\000n\000a\000m\000i\000s\000c\000h\000e\000r\000\040\000D\000r\000u\000c\000k\000\040\000s\000t\000o\000\337\000e\000n\000d\000e\000r\000\040\000M\000o\000l\000e\000k\000\374\000l\000e}{section.2}% 6
\BOOKMARK [3][-]{subsubsection.2.1.1}{\376\377\000G\000e\000s\000c\000h\000w\000i\000n\000d\000i\000g\000k\000e\000i\000t\000s\000v\000e\000r\000t\000e\000i\000l\000u\000n\000g}{subsection.2.1}% 7
\BOOKMARK [3][-]{subsubsection.2.1.2}{\376\377\000P\000a\000r\000t\000i\000a\000l\000d\000r\000\374\000c\000k\000e}{subsection.2.1}% 8
\BOOKMARK [1][-]{section.3}{\376\377\000I\000n\000n\000e\000r\000e\000\040\000E\000n\000e\000r\000g\000i\000e}{}% 9
\BOOKMARK [2][-]{subsection.3.1}{\376\377\000E\000i\000n\000a\000t\000o\000m\000i\000g\000e\000\040\000G\000a\000s\000e\000\040\040\023\000\040\000\304\000q\000u\000i\000p\000a\000r\000t\000i\000t\000i\000o\000n\000s\000g\000e\000s\000e\000t\000z}{section.3}% 10
\BOOKMARK [2][-]{subsection.3.2}{\376\377\000Z\000w\000e\000i\000a\000t\000o\000m\000i\000g\000e\000\040\000G\000a\000s\000e}{section.3}% 11
\BOOKMARK [2][-]{subsection.3.3}{\376\377\000Z\000u\000s\000a\000m\000m\000e\000n\000h\000a\000n\000g\000:\000\040\000i\000n\000n\000e\000r\000e\000\040\000E\000n\000e\000r\000g\000i\000e\000\040\000u\000n\000d\000\040\000W\000\344\000r\000m\000e}{section.3}% 12
\BOOKMARK [2][-]{subsection.3.4}{\376\377\000M\000a\000x\000w\000e\000l\000l\040\023\000B\000o\000l\000t\000z\000m\000a\000n\000n\040\023\000V\000e\000r\000t\000e\000i\000l\000u\000n\000g}{section.3}% 13
\BOOKMARK [1][-]{section.4}{\376\377\000T\000h\000e\000r\000m\000o\000d\000y\000n\000a\000m\000i\000k}{}% 14
\BOOKMARK [2][-]{subsection.4.1}{\376\377\000E\000r\000s\000t\000e\000r\000\040\000H\000a\000u\000p\000t\000s\000a\000t\000z\000\040\000d\000e\000r\000\040\000T\000h\000e\000r\000m\000o\000d\000y\000n\000a\000m\000i\000k}{section.4}% 15
\BOOKMARK [3][-]{subsubsection.4.1.1}{\376\377\000I\000s\000o\000b\000a\000r\000e\000\040\000Z\000u\000s\000t\000a\000n\000d\000s\000\344\000n\000d\000e\000r\000u\000n\000g}{subsection.4.1}% 16
\BOOKMARK [3][-]{subsubsection.4.1.2}{\376\377\000A\000d\000i\000a\000b\000a\000t\000i\000s\000c\000h\000e\000\040\000Z\000u\000s\000t\000a\000n\000d\000s\000\344\000n\000d\000e\000r\000u\000n\000g}{subsection.4.1}% 17
\BOOKMARK [3][-]{subsubsection.4.1.3}{\376\377\000I\000s\000o\000t\000h\000e\000r\000m\000e\000\040\000Z\000u\000s\000t\000a\000n\000d\000s\000\344\000n\000d\000e\000r\000u\000n\000g}{subsection.4.1}% 18
\BOOKMARK [2][-]{subsection.4.2}{\376\377\000Z\000w\000e\000i\000t\000e\000r\000\040\000H\000a\000u\000p\000t\000s\000a\000t\000z\000\040\000d\000e\000r\000\040\000T\000h\000e\000r\000m\000o\000d\000y\000n\000a\000m\000i\000k}{section.4}% 19
\BOOKMARK [3][-]{subsubsection.4.2.1}{\376\377\000K\000r\000e\000i\000s\000p\000r\000o\000z\000e\000s\000s}{subsection.4.2}% 20
\BOOKMARK [3][-]{subsubsection.4.2.2}{\376\377\000C\000a\000r\000n\000o\000t\040\023\000M\000a\000s\000c\000h\000i\000n\000e}{subsection.4.2}% 21
\BOOKMARK [3][-]{subsubsection.4.2.3}{\376\377\000S\000t\000i\000r\000l\000i\000n\000g\040\023\000M\000o\000t\000o\000r}{subsection.4.2}% 22
\BOOKMARK [2][-]{subsection.4.3}{\376\377\000E\000n\000t\000r\000o\000p\000i\000e}{section.4}% 23
\BOOKMARK [1][-]{section.5}{\376\377\000R\000e\000a\000l\000e\000\040\000G\000a\000s\000e\000\040\000u\000n\000d\000\040\000V\000a\000n\000\040\000d\000e\000r\000\040\000W\000a\000a\000l\000s\040\023\000G\000l\000e\000i\000c\000h\000u\000n\000g}{}% 24
\BOOKMARK [2][-]{subsection.5.1}{\376\377\000I\000n\000n\000e\000r\000e\000\040\000E\000n\000e\000r\000g\000i\000e}{section.5}% 25
\BOOKMARK [2][-]{subsection.5.2}{\376\377\000J\000o\000u\000l\000e\040\023\000T\000h\000o\000m\000s\000o\000n\040\023\000E\000f\000f\000e\000k\000t\000\040\000u\000n\000d\000\040\000E\000n\000t\000h\000a\000l\000p\000i\000e}{section.5}% 26
\BOOKMARK [3][-]{subsubsection.5.2.1}{\376\377\000V\000e\000r\000f\000l\000\374\000s\000s\000i\000g\000u\000n\000g\000\040\000u\000n\000d\000\040\000V\000e\000r\000f\000e\000s\000t\000i\000g\000u\000n\000g}{subsection.5.2}% 27
\BOOKMARK [2][-]{subsection.5.3}{\376\377\000V\000e\000r\000d\000a\000m\000p\000f\000u\000n\000g\000s\000w\000\344\000r\000m\000e\000,\000\040\000C\000l\000a\000u\000s\000i\000u\000s\000\040\000C\000l\000a\000p\000e\000y\000r\000o\000n\000s\000c\000h\000e\000\040\000G\000l\000e\000i\000c\000h\000u\000n\000g}{section.5}% 28
\BOOKMARK [1][-]{section.6}{\376\377\000E\000l\000e\000k\000t\000r\000o\000s\000t\000a\000t\000i\000k}{}% 29
\BOOKMARK [2][-]{subsection.6.1}{\376\377\000E\000l\000e\000m\000e\000n\000t\000a\000r\000l\000a\000d\000u\000n\000g\000e\000n}{section.6}% 30
\BOOKMARK [2][-]{subsection.6.2}{\376\377\000C\000o\000u\000l\000o\000m\000b\040\023\000G\000e\000s\000e\000t\000z}{section.6}% 31
\BOOKMARK [2][-]{subsection.6.3}{\376\377\000P\000o\000t\000e\000n\000t\000i\000e\000l\000l\000e\000\040\000E\000n\000e\000r\000g\000i\000e}{section.6}% 32
\BOOKMARK [2][-]{subsection.6.4}{\376\377\000E\000l\000e\000k\000t\000r\000i\000s\000c\000h\000e\000s\000\040\000F\000e\000l\000d}{section.6}% 33
\BOOKMARK [3][-]{subsubsection.6.4.1}{\376\377\000W\000i\000r\000b\000e\000l\000f\000r\000e\000i\000h\000e\000i\000t\000\040\000e\000i\000n\000e\000s\000\040\000e\000l\000.\000\040\000F\000e\000l\000d\000e\000s}{subsection.6.4}% 34
\BOOKMARK [2][-]{subsection.6.5}{\376\377\000E\000l\000e\000k\000t\000r\000i\000s\000c\000h\000e\000s\000\040\000P\000o\000t\000e\000n\000t\000i\000a\000l}{section.6}% 35
\BOOKMARK [3][-]{subsubsection.6.5.1}{\376\377\000P\000u\000n\000k\000t\000l\000a\000d\000u\000n\000g\000e\000n}{subsection.6.5}% 36
\BOOKMARK [3][-]{subsubsection.6.5.2}{\376\377\000K\000o\000n\000t\000i\000n\000u\000i\000e\000r\000l\000i\000c\000h\000e\000\040\000L\000a\000d\000u\000n\000g\000s\000v\000e\000r\000t\000e\000i\000l\000u\000n\000g\000\040\000m\000i\000t\000\040\000L\000a\000d\000u\000n\000g\000s\000d\000i\000c\000h\000t\000e}{subsection.6.5}% 37
\BOOKMARK [2][-]{subsection.6.6}{\376\377\0001\000.\000\040\000M\000a\000x\000w\000e\000l\000l\040\023\000G\000e\000s\000e\000t\000z}{section.6}% 38
\BOOKMARK [2][-]{subsection.6.7}{\376\377\000O\000b\000e\000r\000f\000l\000\344\000c\000h\000e\000n\000l\000a\000d\000u\000n\000g\000\040\000a\000u\000f\000\040\000L\000e\000i\000t\000e\000r\000n}{section.6}% 39
\BOOKMARK [2][-]{subsection.6.8}{\376\377\000I\000n\000f\000l\000u\000e\000n\000z}{section.6}% 40
\BOOKMARK [2][-]{subsection.6.9}{\376\377\000K\000o\000n\000d\000e\000n\000s\000a\000t\000o\000r\000e\000n\000\040\000u\000n\000d\000\040\000K\000a\000p\000a\000z\000i\000t\000\344\000t\000\040\000v\000o\000n\000\040\000L\000e\000i\000t\000e\000r\000n}{section.6}% 41
\BOOKMARK [2][-]{subsection.6.10}{\376\377\000E\000n\000e\000r\000g\000i\000e\000d\000i\000c\000h\000t\000e}{section.6}% 42
\BOOKMARK [2][-]{subsection.6.11}{\376\377\000E\000l\000e\000k\000t\000r\000i\000s\000c\000h\000e\000r\000\040\000D\000i\000p\000o\000l\000\040\000u\000n\000d\000\040\000e\000l\000e\000k\000t\000r\000i\000s\000c\000h\000e\000s\000\040\000D\000i\000p\000o\000l\000m\000o\000m\000e\000n\000t}{section.6}% 43
\BOOKMARK [3][-]{subsubsection.6.11.1}{\376\377\000E\000l\000e\000k\000t\000r\000i\000s\000c\000h\000e\000s\000\040\000F\000e\000l\000d\000\040\000d\000e\000s\000\040\000D\000i\000p\000o\000l\000m\000o\000m\000e\000n\000t\000s}{subsection.6.11}% 44
\BOOKMARK [3][-]{subsubsection.6.11.2}{\376\377\000D\000i\000p\000o\000l\000m\000o\000m\000e\000n\000t\000\040\000i\000m\000\040\000e\000l\000e\000k\000t\000r\000i\000s\000c\000h\000e\000n\000\040\000F\000e\000l\000d}{subsection.6.11}% 45
\BOOKMARK [3][-]{subsubsection.6.11.3}{\376\377\000I\000s\000o\000l\000a\000t\000o\000r\000e\000n\000\040\000i\000m\000\040\000e\000l\000e\000k\000t\000r\000i\000s\000c\000h\000e\000n\000\040\000F\000e\000l\000d\000,\000\040\000D\000i\000e\000l\000e\000k\000t\000r\000i\000k\000a}{subsection.6.11}% 46
\BOOKMARK [3][-]{subsubsection.6.11.4}{\376\377\000Z\000y\000l\000i\000n\000d\000e\000r\000k\000o\000n\000d\000e\000n\000s\000a\000t\000o\000r}{subsection.6.11}% 47
\BOOKMARK [3][-]{subsubsection.6.11.5}{\376\377\000D\000i\000e\000l\000e\000k\000t\000r\000i\000s\000c\000h\000e\000\040\000V\000e\000r\000s\000c\000h\000i\000e\000b\000u\000n\000g}{subsection.6.11}% 48
\BOOKMARK [2][-]{subsection.6.12}{\376\377\000D\000i\000e\000l\000e\000k\000t\000r\000i\000s\000c\000h\000e\000r\000\040\000V\000e\000r\000s\000c\000h\000i\000e\000b\000u\000n\000g\000s\000s\000t\000r\000o\000m}{section.6}% 49
\BOOKMARK [2][-]{subsection.6.13}{\376\377\000E\000l\000e\000k\000t\000r\000i\000s\000c\000h\000e\000s\000\040\000F\000e\000l\000d\000\040\000a\000n\000\040\000G\000r\000e\000n\000z\000f\000l\000\344\000c\000h\000e\000n}{section.6}% 50
\BOOKMARK [1][-]{section.7}{\376\377\000E\000l\000e\000k\000t\000r\000i\000s\000c\000h\000e\000r\000\040\000S\000t\000r\000o\000m}{}% 51
\BOOKMARK [2][-]{subsection.7.1}{\376\377\000L\000a\000d\000u\000n\000g\000s\000e\000r\000h\000a\000l\000t\000u\000n\000g}{section.7}% 52
\BOOKMARK [2][-]{subsection.7.2}{\376\377\000E\000l\000e\000k\000t\000r\000i\000s\000c\000h\000e\000r\000\040\000W\000i\000d\000e\000r\000s\000t\000a\000n\000d\000,\000\040\000O\000h\000m\000'\000s\000c\000h\000e\000s\000\040\000G\000e\000s\000e\000t\000z}{section.7}% 53
\BOOKMARK [3][-]{subsubsection.7.2.1}{\376\377\000D\000i\000o\000d\000e\000n}{subsection.7.2}% 54
\BOOKMARK [3][-]{subsubsection.7.2.2}{\376\377\000O\000h\000m\000'\000s\000c\000h\000e\000s\000\040\000G\000e\000s\000e\000t\000z}{subsection.7.2}% 55
\BOOKMARK [2][-]{subsection.7.3}{\376\377\000T\000e\000m\000p\000e\000r\000a\000t\000u\000r\000a\000b\000h\000\344\000n\000g\000i\000g\000k\000e\000i\000t\000\040\000d\000e\000s\000\040\000e\000l\000e\000k\000t\000r\000i\000s\000c\000h\000e\000n\000\040\000W\000i\000d\000e\000r\000s\000t\000a\000n\000d\000e\000s}{section.7}% 56
\BOOKMARK [2][-]{subsection.7.4}{\376\377\000S\000t\000r\000o\000m\000l\000e\000i\000s\000t\000u\000n\000g}{section.7}% 57
\BOOKMARK [2][-]{subsection.7.5}{\376\377\000S\000t\000r\000o\000m\000k\000r\000e\000i\000s\000e\000\040\000u\000n\000d\000\040\000K\000i\000r\000c\000h\000h\000o\000f\000f\000'\000s\000c\000h\000e\000\040\000R\000e\000g\000e\000l\000n}{section.7}% 58
\BOOKMARK [3][-]{subsubsection.7.5.1}{\376\377\0001\000.\000\040\000K\000i\000r\000c\000h\000h\000o\000f\000f\000'\000s\000c\000h\000e\000\040\000R\000e\000g\000e\000l\000\040\000/\000\040\000K\000n\000o\000t\000e\000n\000r\000e\000g\000e\000l}{subsection.7.5}% 59
\BOOKMARK [3][-]{subsubsection.7.5.2}{\376\377\0002\000.\000\040\000K\000i\000r\000s\000c\000h\000h\000o\000f\000f\000'\000s\000c\000h\000e\000\040\000R\000e\000g\000e\000l\000\040\000/\000\040\000M\000a\000s\000c\000h\000e\000n\000r\000e\000g\000e\000l}{subsection.7.5}% 60
\BOOKMARK [3][-]{subsubsection.7.5.3}{\376\377\000W\000i\000d\000e\000r\000s\000t\000\344\000n\000d\000e}{subsection.7.5}% 61
\BOOKMARK [2][-]{subsection.7.6}{\376\377\000S\000t\000r\000o\000m\000t\000r\000a\000n\000s\000p\000o\000r\000t\000\040\000d\000u\000r\000c\000h\000\040\000v\000e\000r\000s\000c\000h\000i\000e\000d\000e\000n\000e\000\040\000M\000a\000t\000e\000r\000i\000a\000l\000i\000e\000n}{section.7}% 62
\BOOKMARK [3][-]{subsubsection.7.6.1}{\376\377\000G\000a\000s\000e}{subsection.7.6}% 63
\BOOKMARK [3][-]{subsubsection.7.6.2}{\376\377\000F\000e\000s\000t\000k\000\366\000r\000p\000e\000r}{subsection.7.6}% 64
\BOOKMARK [3][-]{subsubsection.7.6.3}{\376\377\000T\000h\000e\000r\000m\000o\000e\000l\000e\000k\000t\000r\000i\000s\000c\000h\000e\000\040\000P\000h\000\344\000n\000o\000m\000e\000n\000e}{subsection.7.6}% 65
\BOOKMARK [1][-]{section.8}{\376\377\000M\000a\000g\000n\000e\000t\000i\000s\000m\000u\000s}{}% 66
\BOOKMARK [2][-]{subsection.8.1}{\376\377\000M\000a\000g\000n\000e\000t\000i\000s\000c\000h\000e\000\040\000F\000e\000l\000d\000e\000r}{section.8}% 67
\BOOKMARK [3][-]{subsubsection.8.1.1}{\376\377\000H\000a\000l\000l\040\023\000S\000o\000n\000d\000e}{subsection.8.1}% 68
\BOOKMARK [2][-]{subsection.8.2}{\376\377\000L\000o\000r\000e\000n\000t\000z\000k\000r\000a\000f\000t}{section.8}% 69
\BOOKMARK [2][-]{subsection.8.3}{\376\377\000M\000a\000g\000n\000e\000t\000i\000s\000c\000h\000e\000r\000\040\000F\000l\000u\000s\000s\000,\000\040\000A\000m\000p\000e\000r\000e\000'\000s\000c\000h\000e\000s\000\040\000G\000e\000s\000e\000t\000z\000,\000\040\000S\000t\000o\000k\000e\000'\000s\000c\000h\000e\000r\000\040\000S\000a\000t\000z}{section.8}% 70
\BOOKMARK [3][-]{subsubsection.8.3.1}{\376\377\000H\000e\000l\000m\000h\000o\000l\000t\000z\040\023\000S\000p\000u\000l\000e}{subsection.8.3}% 71
\BOOKMARK [2][-]{subsection.8.4}{\376\377\000M\000a\000g\000n\000e\000t\000i\000s\000c\000h\000e\000s\000\040\000V\000e\000k\000t\000o\000r\000p\000o\000t\000e\000n\000t\000i\000a\000l\000\040\000u\000n\000d\000\040\000B\000i\000o\000t\040\023\000S\000a\000v\000a\000r\000t\040\023\000G\000e\000s\000e\000t\000z}{section.8}% 72
\BOOKMARK [2][-]{subsection.8.5}{\376\377\000M\000a\000g\000n\000e\000t\000i\000s\000c\000h\000e\000\040\000D\000i\000p\000o\000l\000e}{section.8}% 73
\BOOKMARK [3][-]{subsubsection.8.5.1}{\376\377\000A\000t\000o\000m\000a\000r\000e\000\040\000m\000a\000g\000n\000e\000t\000i\000s\000c\000h\000e\000\040\000M\000o\000m\000e\000n\000t\000e}{subsection.8.5}% 74
\BOOKMARK [2][-]{subsection.8.6}{\376\377\000M\000a\000t\000e\000r\000i\000e\000\040\000i\000m\000\040\000M\000a\000g\000n\000e\000t\000f\000e\000l\000d}{section.8}% 75
\BOOKMARK [3][-]{subsubsection.8.6.1}{\376\377\000M\000a\000g\000n\000e\000t\000i\000s\000i\000e\000r\000u\000n\000g}{subsection.8.6}% 76
\BOOKMARK [3][-]{subsubsection.8.6.2}{\376\377\000D\000i\000a\000m\000a\000g\000n\000e\000t\000i\000s\000m\000u\000s}{subsection.8.6}% 77
\BOOKMARK [3][-]{subsubsection.8.6.3}{\376\377\000P\000a\000r\000a\000m\000a\000g\000n\000e\000t\000i\000s\000m\000u\000s}{subsection.8.6}% 78
\BOOKMARK [3][-]{subsubsection.8.6.4}{\376\377\000F\000e\000r\000r\000o\000m\000a\000g\000n\000e\000t\000i\000s\000m\000u\000s}{subsection.8.6}% 79
\BOOKMARK [1][-]{section.9}{\376\377\000E\000i\000n\000s\000c\000h\000u\000b\000:\000\040\000S\000p\000e\000z\000i\000e\000l\000l\000e\000\040\000R\000e\000l\000a\000t\000i\000v\000i\000t\000\344\000t\000s\000t\000h\000e\000o\000r\000i\000e}{}% 80
\BOOKMARK [2][-]{subsection.9.1}{\376\377\000L\000o\000r\000e\000n\000t\000z\040\023\000T\000r\000a\000n\000s\000f\000o\000r\000m\000a\000t\000i\000o\000n}{section.9}% 81
\BOOKMARK [3][-]{subsubsection.9.1.1}{\376\377\000K\000o\000n\000s\000e\000q\000u\000e\000n\000z\000\040\000f\000\374\000r\000\040\000d\000i\000e\000\040\000G\000l\000e\000i\000c\000h\000z\000e\000i\000t\000i\000g\000k\000e\000i\000t}{subsection.9.1}% 82
\BOOKMARK [3][-]{subsubsection.9.1.2}{\376\377\000H\000e\000r\000l\000e\000i\000t\000u\000n\000g\000\040\000d\000e\000r\000\040\000L\000o\000r\000e\000n\000t\000z\000t\000r\000a\000n\000s\000f\000o\000r\000m\000a\000t\000i\000o\000n}{subsection.9.1}% 83
\BOOKMARK [2][-]{subsection.9.2}{\376\377\000L\000\344\000n\000g\000e\000n\000k\000o\000n\000t\000r\000a\000k\000t\000i\000o\000n}{section.9}% 84
\BOOKMARK [2][-]{subsection.9.3}{\376\377\000Z\000e\000i\000t\000d\000i\000l\000a\000t\000a\000t\000i\000o\000n}{section.9}% 85
\BOOKMARK [2][-]{subsection.9.4}{\376\377\0004\000e\000r\040\023\000V\000e\000k\000t\000o\000r}{section.9}% 86
\BOOKMARK [3][-]{subsubsection.9.4.1}{\376\377\000M\000a\000t\000r\000i\000x\000d\000a\000r\000s\000t\000e\000l\000l\000u\000n\000g\000\040\000d\000e\000r\000\040\000L\000o\000r\000e\000n\000t\000z\040\023\000T}{subsection.9.4}% 87
\BOOKMARK [2][-]{subsection.9.5}{\376\377\000K\000a\000u\000s\000a\000l\000i\000t\000\344\000t}{section.9}% 88
\BOOKMARK [2][-]{subsection.9.6}{\376\377\000G\000e\000g\000e\000n\000i\000n\000d\000u\000k\000t\000i\000o\000n}{section.9}% 89
\BOOKMARK [2][-]{subsection.9.7}{\376\377\000E\000n\000e\000r\000g\000i\000e\000\040\000d\000e\000s\000\040\000m\000a\000g\000n\000e\000t\000i\000s\000c\000h\000e\000n\000\040\000F\000e\000l\000d\000e\000s}{section.9}% 90
\BOOKMARK [2][-]{subsection.9.8}{\376\377\000M\000a\000x\000w\000e\000l\000l\000'\000s\000c\000h\000e\000r\000\040\000V\000e\000r\000s\000c\000h\000i\000e\000b\000u\000n\000g\000s\000s\000t\000r\000o\000m}{section.9}% 91
\BOOKMARK [2][-]{subsection.9.9}{\376\377\000V\000o\000l\000l\000s\000t\000\344\000n\000d\000i\000g\000e\000\040\000M\000a\000x\000w\000e\000l\000l\040\023\000G\000l\000e\000i\000c\000h\000u\000n\000g\000e\000n}{section.9}% 92
\BOOKMARK [2][-]{subsection.9.10}{\376\377\000F\000r\000e\000i\000e\000\040\000E\000M\040\023\000W\000e\000l\000l\000e\000n}{section.9}% 93
