\BOOKMARK [1][-]{section.1}{\376\377\000P\000h\000y\000s\000i\000k\000a\000l\000i\000s\000c\000h\000e\000\040\000G\000r\000\366\000\337\000e\000n}{}% 1
\BOOKMARK [2][-]{subsection.1.1}{\376\377\000I\000m\000p\000u\000l\000s}{section.1}% 2
\BOOKMARK [2][-]{subsection.1.2}{\376\377\000D\000r\000e\000h\000i\000m\000p\000u\000l\000s}{section.1}% 3
\BOOKMARK [2][-]{subsection.1.3}{\376\377\000T\000r\000\344\000g\000h\000e\000i\000t\000s\000m\000o\000m\000e\000n\000t}{section.1}% 4
\BOOKMARK [2][-]{subsection.1.4}{\376\377\000K\000r\000a\000f\000t}{section.1}% 5
\BOOKMARK [2][-]{subsection.1.5}{\376\377\000D\000r\000e\000h\000m\000o\000m\000e\000n\000t}{section.1}% 6
\BOOKMARK [2][-]{subsection.1.6}{\376\377\000E\000n\000e\000r\000g\000i\000e}{section.1}% 7
\BOOKMARK [2][-]{subsection.1.7}{\376\377\000A\000r\000b\000e\000i\000t}{section.1}% 8
\BOOKMARK [2][-]{subsection.1.8}{\376\377\000L\000e\000i\000s\000t\000u\000n\000g}{section.1}% 9
\BOOKMARK [1][-]{section.2}{\376\377\000E\000i\000n\000f\000\374\000h\000r\000u\000n\000g}{}% 10
\BOOKMARK [2][-]{subsection.2.1}{\376\377\000W\000a\000s\000\040\000i\000s\000t\000\040\000P\000h\000y\000s\000i\000k\000?}{section.2}% 11
\BOOKMARK [2][-]{subsection.2.2}{\376\377\000M\000a\000\337\000s\000y\000s\000t\000e\000m\000e}{section.2}% 12
\BOOKMARK [2][-]{subsection.2.3}{\376\377\000M\000a\000\337\000s\000t\000a\000n\000d\000a\000r\000d\000s}{section.2}% 13
\BOOKMARK [2][-]{subsection.2.4}{\376\377\000Z\000e\000i\000t}{section.2}% 14
\BOOKMARK [2][-]{subsection.2.5}{\376\377\000M\000a\000s\000s\000e}{section.2}% 15
\BOOKMARK [2][-]{subsection.2.6}{\376\377\000N\000o\000r\000m\000e\000n\000\040\000d\000e\000r\000\040\000S\000I\000-\000E\000i\000n\000h\000e\000i\000t\000e\000n}{section.2}% 16
\BOOKMARK [2][-]{subsection.2.7}{\376\377\000D\000i\000m\000e\000n\000s\000i\000o\000n\000s\000a\000n\000a\000l\000y\000s\000e}{section.2}% 17
\BOOKMARK [1][-]{section.3}{\376\377\000M\000a\000s\000s\000e\000n\000p\000u\000n\000k\000t\000e}{}% 18
\BOOKMARK [2][-]{subsection.3.1}{\376\377\000K\000i\000n\000e\000m\000a\000t\000i\000k}{section.3}% 19
\BOOKMARK [2][-]{subsection.3.2}{\376\377\000W\000e\000c\000h\000s\000e\000l\000\040\000d\000e\000s\000\040\000K\000o\000o\000r\000d\000i\000n\000a\000t\000e\000n\000s\000y\000s\000t\000e\000m\000s}{section.3}% 20
\BOOKMARK [3][-]{subsubsection.3.2.1}{\376\377\000G\000a\000l\000i\000l\000e\000i\000-\000T\000r\000a\000n\000s\000f\000o\000r\000m\000a\000t\000i\000o\000n}{subsection.3.2}% 21
\BOOKMARK [1][-]{section.4}{\376\377\000D\000y\000n\000a\000m\000i\000k}{}% 22
\BOOKMARK [2][-]{subsection.4.1}{\376\377\000K\000i\000n\000e\000m\000a\000t\000i\000k}{section.4}% 23
\BOOKMARK [2][-]{subsection.4.2}{\376\377\000D\000e\000r\000\040\000I\000m\000p\000u\000l\000s}{section.4}% 24
\BOOKMARK [2][-]{subsection.4.3}{\376\377\000D\000r\000e\000h\000i\000m\000p\000u\000l\000s}{section.4}% 25
\BOOKMARK [2][-]{subsection.4.4}{\376\377\000I\000m\000p\000u\000l\000s\000e\000r\000h\000a\000l\000t\000u\000n\000g}{section.4}% 26
\BOOKMARK [2][-]{subsection.4.5}{\376\377\000K\000l\000a\000s\000s\000i\000f\000i\000k\000a\000t\000i\000o\000n\000\040\000v\000o\000n\000\040\000S\000t\000\366\000\337\000e\000n}{section.4}% 27
\BOOKMARK [2][-]{subsection.4.6}{\376\377\000O\000r\000t\000s\000a\000b\000h\000\344\000n\000g\000i\000g\000e\000\040\000K\000r\000\344\000f\000t\000e\000\040\000u\000n\000d\000\040\000K\000r\000a\000f\000t\000f\000e\000l\000d\000e\000r}{section.4}% 28
\BOOKMARK [2][-]{subsection.4.7}{\376\377\000K\000o\000n\000s\000e\000r\000v\000a\000t\000i\000v\000e\000\040\000K\000r\000a\000f\000t\000f\000e\000l\000d\000e\000r}{section.4}% 29
\BOOKMARK [1][-]{section.5}{\376\377\000E\000n\000e\000r\000g\000i\000e}{}% 30
\BOOKMARK [2][-]{subsection.5.1}{\376\377\000P\000o\000t\000e\000n\000z\000i\000e\000l\000l\000e\000\040\000E\000n\000e\000r\000g\000i\000e}{section.5}% 31
\BOOKMARK [2][-]{subsection.5.2}{\376\377\000K\000i\000n\000e\000t\000i\000s\000c\000h\000e\000\040\000E\000n\000e\000r\000g\000i\000e}{section.5}% 32
\BOOKMARK [2][-]{subsection.5.3}{\376\377\000E\000n\000e\000r\000g\000i\000e\000e\000r\000h\000a\000l\000t\000u\000n\000g\000\040\000d\000e\000r\000\040\000M\000e\000c\000h\000a\000n\000i\000k}{section.5}% 33
\BOOKMARK [2][-]{subsection.5.4}{\376\377\000P\000o\000t\000e\000n\000t\000i\000a\000l}{section.5}% 34
\BOOKMARK [2][-]{subsection.5.5}{\376\377\000A\000r\000b\000e\000i\000t}{section.5}% 35
\BOOKMARK [2][-]{subsection.5.6}{\376\377\000L\000e\000i\000s\000t\000u\000n\000g}{section.5}% 36
\BOOKMARK [1][-]{section.6}{\376\377\000L\000a\000b\000o\000r\000-\000\040\000u\000n\000d\000\040\000S\000c\000h\000w\000e\000r\000p\000u\000n\000k\000t\000s\000y\000s\000t\000e\000m}{}% 37
\BOOKMARK [2][-]{subsection.6.1}{\376\377\000S\000t\000\366\000\337\000e\000\040\000i\000m\000\040\000S\000c\000h\000w\000e\000r\000p\000u\000n\000k\000t\000s\000y\000s\000t\000e\000m\000\040\000\050\000C\000M\000S\000\051}{section.6}% 38
\BOOKMARK [2][-]{subsection.6.2}{\376\377\000E\000i\000n\000d\000i\000m\000e\000n\000s\000i\000o\000n\000a\000l\000e\000s\000\040\000S\000t\000o\000\337\000g\000e\000s\000e\000t\000z}{section.6}% 39
\BOOKMARK [2][-]{subsection.6.3}{\376\377\000Z\000w\000e\000i\000-\000\040\000u\000n\000d\000\040\000d\000r\000e\000i\000d\000i\000m\000e\000n\000s\000i\000o\000n\000a\000l\000e\000\040\000S\000t\000\366\000\337\000e}{section.6}% 40
\BOOKMARK [2][-]{subsection.6.4}{\376\377\000Z\000u\000s\000a\000m\000m\000e\000n\000f\000a\000s\000s\000u\000n\000g\000\040\000d\000e\000r\000\040\000E\000r\000h\000a\000l\000t\000u\000n\000g\000s\000s\000\344\000t\000z\000e}{section.6}% 41
\BOOKMARK [1][-]{section.7}{\376\377\000T\000r\000\344\000g\000h\000e\000i\000t\000s\000k\000r\000\344\000f\000t\000e\000\040\000u\000n\000d\000\040\000b\000e\000s\000c\000h\000l\000e\000u\000n\000i\000g\000t\000e\000\040\000B\000e\000z\000u\000g\000s\000s\000y\000s\000t\000e\000m\000e}{}% 42
\BOOKMARK [2][-]{subsection.7.1}{\376\377\000G\000l\000e\000i\000c\000h\000f\000\366\000r\000m\000i\000g\000\040\000r\000o\000t\000i\000e\000r\000e\000n\000d\000e\000s\000\040\000B\000e\000z\000u\000g\000s\000s\000y\000s\000t\000e\000m}{section.7}% 43
\BOOKMARK [2][-]{subsection.7.2}{\376\377\000\304\000q\000u\000i\000v\000a\000l\000e\000n\000z\000\040\000v\000o\000n\000\040\000t\000r\000\344\000g\000e\000r\000\040\000u\000n\000d\000\040\000s\000c\000h\000w\000e\000r\000e\000r\000\040\000M\000a\000s\000s\000e}{section.7}% 44
\BOOKMARK [2][-]{subsection.7.3}{\376\377\000T\000r\000\344\000g\000h\000e\000i\000t\000s\000m\000o\000m\000e\000n\000t}{section.7}% 45
\BOOKMARK [3][-]{subsubsection.7.3.1}{\376\377\000T\000r\000a\000n\000s\000l\000a\000t\000i\000o\000n\000s\000b\000e\000s\000c\000h\000l\000e\000u\000n\000i\000g\000u\000n\000g}{subsection.7.3}% 46
\BOOKMARK [2][-]{subsection.7.4}{\376\377\000R\000o\000t\000a\000t\000i\000o\000n\000\040\000u\000m\000\040\000e\000i\000n\000e\000\040\000f\000r\000e\000i\000e\000\040\000A\000c\000h\000s\000e\000\040\000\050\000T\000r\000\344\000g\000h\000e\000i\000t\000s\000t\000e\000n\000s\000o\000r\000\051}{section.7}% 47
\BOOKMARK [3][-]{subsubsection.7.4.1}{\376\377\000H\000a\000u\000p\000t\000t\000r\000\344\000g\000h\000e\000i\000t\000s\000a\000c\000h\000s\000e\000n\000s\000y\000s\000t\000e\000m\000\040\000\050\000H\000T\000A\000\051}{subsection.7.4}% 48
\BOOKMARK [2][-]{subsection.7.5}{\376\377\000E\000u\000l\000e\000r\000s\000c\000h\000e\000\040\000G\000l\000e\000i\000c\000h\000u\000n\000g\000e\000n}{section.7}% 49
\BOOKMARK [1][-]{section.8}{\376\377\000G\000r\000a\000v\000i\000t\000a\000t\000i\000o\000n\000s\000f\000e\000l\000d\000\040\000a\000u\000s\000g\000e\000d\000e\000h\000n\000t\000e\000r\000\040\000M\000a\000s\000s\000e\000n\000v\000e\000r\000t\000e\000i\000l\000u\000n\000g\000e\000n}{}% 50
\BOOKMARK [2][-]{subsection.8.1}{\376\377\000K\000u\000g\000e\000l}{section.8}% 51
\BOOKMARK [2][-]{subsection.8.2}{\376\377\000M\000e\000c\000h\000a\000n\000i\000k\000\040\000s\000t\000a\000r\000r\000e\000r\000\040\000K\000\366\000r\000p\000e\000r}{section.8}% 52
\BOOKMARK [1][-]{section.9}{\376\377\000M\000e\000c\000h\000a\000n\000i\000s\000c\000h\000e\000\040\000S\000c\000h\000w\000i\000n\000g\000u\000n\000g\000e\000n}{}% 53
\BOOKMARK [2][-]{subsection.9.1}{\376\377\000H\000a\000r\000m\000o\000n\000i\000s\000c\000h\000e\000\040\000S\000c\000h\000w\000i\000n\000g\000u\000n\000g\000e\000n}{section.9}% 54
\BOOKMARK [3][-]{subsubsection.9.1.1}{\376\377\000P\000h\000y\000s\000i\000k\000a\000l\000i\000s\000c\000h\000e\000s\000\040\000u\000n\000d\000\040\000m\000a\000t\000h\000e\000m\000a\000t\000i\000s\000c\000h\000e\000s\000\040\000P\000e\000n\000d\000e\000l}{subsection.9.1}% 55
\BOOKMARK [2][-]{subsection.9.2}{\376\377\000K\000o\000m\000p\000l\000e\000x\000e\000\040\000Z\000a\000h\000l\000e\000n}{section.9}% 56
\BOOKMARK [2][-]{subsection.9.3}{\376\377\000\334\000b\000e\000r\000l\000a\000g\000e\000r\000u\000n\000g\000e\000n\000\040\000v\000o\000n\000\040\000S\000c\000h\000w\000i\000n\000g\000u\000n\000g\000e\000n}{section.9}% 57
\BOOKMARK [3][-]{subsubsection.9.3.1}{\376\377\0001\000=\0002\000=}{subsection.9.3}% 58
\BOOKMARK [3][-]{subsubsection.9.3.2}{\376\377\0001\000=\0002}{subsection.9.3}% 59
\BOOKMARK [3][-]{subsubsection.9.3.3}{\376\377\0001\0002\000\040\000\050\000S\000c\000h\000w\000e\000b\000u\000n\000g\000\051}{subsection.9.3}% 60
\BOOKMARK [2][-]{subsection.9.4}{\376\377\000E\000n\000e\000r\000g\000i\000e\000\040\000u\000n\000d\000\040\000L\000e\000i\000s\000t\000u\000n\000g\000\040\000v\000o\000n\000\040\000S\000c\000h\000w\000i\000n\000g\000u\000n\000g\000e\000n}{section.9}% 61
\BOOKMARK [1][-]{section.10}{\376\377\000D\000e\000f\000o\000r\000m\000i\000e\000r\000b\000a\000r\000e\000\040\000K\000\366\000r\000p\000e\000r}{}% 62
\BOOKMARK [2][-]{subsection.10.1}{\376\377\000A\000g\000g\000r\000e\000g\000a\000t\000s\000z\000u\000s\000t\000\344\000n\000d\000e}{section.10}% 63
\BOOKMARK [2][-]{subsection.10.2}{\376\377\000V\000e\000r\000f\000o\000r\000m\000u\000n\000g\000\040\000f\000e\000s\000t\000e\000r\000\040\000K\000\366\000r\000p\000e\000r}{section.10}% 64
\BOOKMARK [2][-]{subsection.10.3}{\376\377\000H\000o\000o\000k\000e\000s\000c\000h\000e\000s\000\040\000G\000e\000s\000e\000t\000z}{section.10}% 65
\BOOKMARK [2][-]{subsection.10.4}{\376\377\000M\000e\000c\000h\000a\000n\000i\000s\000c\000h\000e\000\040\000S\000p\000a\000n\000n\000u\000n\000g}{section.10}% 66
\BOOKMARK [2][-]{subsection.10.5}{\376\377\000V\000o\000l\000u\000m\000e\000n\000\344\000n\000d\000e\000r\000u\000n\000g}{section.10}% 67
\BOOKMARK [2][-]{subsection.10.6}{\376\377\000B\000i\000e\000g\000u\000n\000g\000\040\000e\000i\000n\000e\000s\000\040\000B\000a\000l\000k\000e\000n}{section.10}% 68
\BOOKMARK [1][-]{section.11}{\376\377\000R\000e\000i\000b\000u\000n\000g}{}% 69
\BOOKMARK [1][-]{section.12}{\376\377\000R\000u\000h\000e\000n\000d\000e\000\040\000F\000l\000\374\000s\000s\000i\000g\000k\000e\000i\000t\000e\000n\000\040\000u\000n\000d\000\040\000G\000a\000s\000e}{}% 70
\BOOKMARK [2][-]{subsection.12.1}{\376\377\000K\000o\000m\000p\000r\000e\000s\000s\000i\000o\000n\000\040\000u\000n\000d\000\040\000D\000r\000u\000c\000k}{section.12}% 71
\BOOKMARK [2][-]{subsection.12.2}{\376\377\000F\000l\000\374\000s\000s\000i\000g\000k\000e\000i\000t\000e\000n\000\040\000u\000n\000d\000\040\000G\000a\000s\000e\000\040\000i\000m\000\040\000S\000c\000h\000w\000e\000r\000e\000f\000e\000l\000d}{section.12}% 72
\BOOKMARK [2][-]{subsection.12.3}{\376\377\000A\000u\000f\000t\000r\000i\000e\000b}{section.12}% 73
\BOOKMARK [2][-]{subsection.12.4}{\376\377\000O\000b\000e\000r\000f\000l\000\344\000c\000h\000e\000n\000e\000f\000f\000e\000k\000t\000e\000\040\000b\000e\000i\000\040\000F\000l\000\374\000s\000s\000i\000g\000k\000e\000i\000t\000e\000n}{section.12}% 74
\BOOKMARK [1][-]{section.13}{\376\377\000N\000o\000t\000i\000z\000e\000n}{}% 75
