\BOOKMARK [1][-]{section.1}{\376\377\000M\000e\000n\000g\000e\000n\000l\000e\000h\000r\000e}{}% 1
\BOOKMARK [2][-]{subsection.1.1}{\376\377\000A\000b\000g\000e\000s\000c\000h\000l\000o\000s\000s\000e\000n}{section.1}% 2
\BOOKMARK [2][-]{subsection.1.2}{\376\377\000O\000f\000f\000e\000n}{section.1}% 3
\BOOKMARK [2][-]{subsection.1.3}{\376\377\000B\000e\000s\000c\000h\000r\000\344\000n\000k\000t}{section.1}% 4
\BOOKMARK [2][-]{subsection.1.4}{\376\377\000K\000o\000m\000p\000a\000k\000t}{section.1}% 5
\BOOKMARK [2][-]{subsection.1.5}{\376\377\000I\000n\000n\000e\000r\000e\000r\000\040\000P\000u\000n\000k\000t}{section.1}% 6
\BOOKMARK [2][-]{subsection.1.6}{\376\377\000H\000\344\000u\000f\000u\000n\000g\000s\000p\000u\000n\000k\000t}{section.1}% 7
\BOOKMARK [2][-]{subsection.1.7}{\376\377\000I\000s\000o\000l\000i\000e\000r\000t\000e\000r\000\040\000P\000u\000n\000k\000t}{section.1}% 8
\BOOKMARK [2][-]{subsection.1.8}{\376\377\000R\000a\000n\000d}{section.1}% 9
\BOOKMARK [2][-]{subsection.1.9}{\376\377\000A\000b\000s\000c\000h\000l\000u\000s\000s}{section.1}% 10
\BOOKMARK [2][-]{subsection.1.10}{\376\377\000\334\000b\000e\000r\000d\000e\000c\000k\000u\000n\000g}{section.1}% 11
\BOOKMARK [2][-]{subsection.1.11}{\376\377\000K\000o\000n\000v\000e\000x\000e\000\040\000M\000e\000n\000g\000e\000n}{section.1}% 12
\BOOKMARK [2][-]{subsection.1.12}{\376\377\000W\000e\000g\000z\000u\000s\000a\000m\000m\000e\000n\000h\000\344\000g\000e\000n\000d}{section.1}% 13
\BOOKMARK [2][-]{subsection.1.13}{\376\377\000Z\000u\000s\000a\000m\000m\000e\000n\000h\000\344\000n\000g\000e\000n\000d}{section.1}% 14
\BOOKMARK [2][-]{subsection.1.14}{\376\377\000E\000i\000n\000f\000a\000c\000h\000\040\000z\000u\000s\000a\000m\000m\000e\000n\000h\000\344\000n\000g\000e\000n\000d}{section.1}% 15
\BOOKMARK [2][-]{subsection.1.15}{\376\377\000K\000o\000n\000k\000a\000t\000e\000n\000a\000t\000i\000o\000n}{section.1}% 16
\BOOKMARK [2][-]{subsection.1.16}{\376\377\000G\000e\000b\000i\000e\000t}{section.1}% 17
\BOOKMARK [1][-]{section.2}{\376\377\000F\000o\000l\000g\000e\000n\000\040\000u\000n\000d\000\040\000R\000e\000i\000h\000e\000n}{}% 18
\BOOKMARK [2][-]{subsection.2.1}{\376\377\000K\000o\000n\000v\000e\000r\000g\000e\000n\000z\000k\000r\000i\000t\000e\000r\000i\000e\000n}{section.2}% 19
\BOOKMARK [3][-]{subsubsection.2.1.1}{\376\377\000L\000e\000i\000b\000n\000i\000z\040\023\000k\000r\000i\000t\000e\000r\000i\000u\000m}{subsection.2.1}% 20
\BOOKMARK [3][-]{subsubsection.2.1.2}{\376\377\000M\000a\000j\000o\000r\000a\000n\000t\000e\000n\000k\000r\000i\000t\000e\000r\000i\000u\000m}{subsection.2.1}% 21
\BOOKMARK [3][-]{subsubsection.2.1.3}{\376\377\000W\000u\000r\000z\000e\000l\000k\000r\000i\000t\000e\000r\000i\000u\000m}{subsection.2.1}% 22
\BOOKMARK [3][-]{subsubsection.2.1.4}{\376\377\000Q\000u\000o\000t\000i\000e\000n\000t\000e\000n\000k\000r\000i\000t\000e\000r\000i\000u\000m}{subsection.2.1}% 23
\BOOKMARK [3][-]{subsubsection.2.1.5}{\376\377\000I\000n\000t\000e\000g\000r\000a\000l\000k\000r\000i\000t\000e\000r\000i\000u\000m}{subsection.2.1}% 24
\BOOKMARK [2][-]{subsection.2.2}{\376\377\000C\000a\000u\000c\000h\000y\040\023\000F\000o\000l\000g\000e}{section.2}% 25
\BOOKMARK [1][-]{section.3}{\376\377\000F\000u\000n\000k\000t\000i\000o\000n\000e\000n}{}% 26
\BOOKMARK [2][-]{subsection.3.1}{\376\377\000I\000n\000j\000e\000k\000t\000i\000v}{section.3}% 27
\BOOKMARK [2][-]{subsection.3.2}{\376\377\000S\000u\000r\000j\000e\000k\000t\000i\000v}{section.3}% 28
\BOOKMARK [2][-]{subsection.3.3}{\376\377\000S\000t\000e\000t\000i\000g\000k\000e\000i\000t}{section.3}% 29
\BOOKMARK [2][-]{subsection.3.4}{\376\377\000S\000t\000e\000t\000i\000g\000e\000\040\000E\000r\000w\000e\000i\000t\000e\000r\000u\000n\000g}{section.3}% 30
\BOOKMARK [2][-]{subsection.3.5}{\376\377\000S\000u\000p\000r\000e\000m\000u\000m\000\040\000u\000n\000d\000\040\000I\000n\000f\000i\000m\000u\000m}{section.3}% 31
\BOOKMARK [2][-]{subsection.3.6}{\376\377\000W\000e\000g}{section.3}% 32
\BOOKMARK [2][-]{subsection.3.7}{\376\377\000N\000o\000r\000m\000a\000l\000b\000e\000r\000e\000i\000c\000h\000e}{section.3}% 33
\BOOKMARK [2][-]{subsection.3.8}{\376\377\000S\000a\000t\000z\000\040\000v\000o\000n\000\040\000M\000a\000x\000i\000m\000u\000m\000\040\000u\000n\000d\000\040\000M\000i\000n\000i\000m\000u\000m}{section.3}% 34
\BOOKMARK [2][-]{subsection.3.9}{\376\377\000Z\000w\000i\000s\000c\000h\000e\000n\000w\000e\000r\000t\000s\000a\000t\000z}{section.3}% 35
\BOOKMARK [2][-]{subsection.3.10}{\376\377\000S\000i\000g\000n\000u\000m\040\023\000F\000u\000n\000k\000t\000i\000o\000n}{section.3}% 36
\BOOKMARK [2][-]{subsection.3.11}{\376\377\000T\000a\000y\000l\000o\000r\040\023\000R\000e\000i\000h\000e}{section.3}% 37
\BOOKMARK [2][-]{subsection.3.12}{\376\377\000I\000n\000d\000i\000k\000a\000t\000o\000r\040\023\000F\000u\000n\000k\000t\000i\000o\000n\000\040\000/\000\040\000c\000h\000a\000r\000a\000k\000t\000e\000r\000i\000s\000t\000i\000s\000c\000h\000e\000\040\000F\000u\000n\000k\000t\000i\000o\000n}{section.3}% 38
\BOOKMARK [1][-]{section.4}{\376\377\000M\000e\000t\000r\000i\000s\000c\000h\000e\000\040\000R\000\344\000u\000m\000e}{}% 39
\BOOKMARK [2][-]{subsection.4.1}{\376\377\000N\000o\000r\000m}{section.4}% 40
\BOOKMARK [1][-]{section.5}{\376\377\000M\000e\000h\000r\000d\000i\000m\000e\000n\000s\000i\000o\000n\000a\000l\000e\000\040\000A\000n\000a\000y\000l\000s\000i\000s}{}% 41
\BOOKMARK [2][-]{subsection.5.1}{\376\377\000I\000n\000t\000e\000g\000r\000a\000l\000r\000e\000c\000h\000n\000u\000n\000g}{section.5}% 42
\BOOKMARK [3][-]{subsubsection.5.1.1}{\376\377\000R\000i\000e\000m\000a\000n\000n\040\023\000I\000n\000t\000e\000g\000r\000i\000e\000r\000b\000a\000r}{subsection.5.1}% 43
\BOOKMARK [3][-]{subsubsection.5.1.2}{\376\377\000L\000e\000b\000e\000s\000g\000u\000e\040\023\000I\000n\000t\000e\000g\000r\000i\000e\000r\000b\000a\000r}{subsection.5.1}% 44
\BOOKMARK [3][-]{subsubsection.5.1.3}{\376\377\000S\000a\000t\000z\000\040\000v\000o\000n\000\040\000F\000u\000b\000i\000n\000i}{subsection.5.1}% 45
\BOOKMARK [3][-]{subsubsection.5.1.4}{\376\377\000S\000a\000t\000z\000\040\000v\000o\000n\000\040\000F\000u\000b\000i\000n\000i\040\023\000T\000o\000n\000e\000l\000l\000i}{subsection.5.1}% 46
\BOOKMARK [3][-]{subsubsection.5.1.5}{\376\377\000W\000e\000g\000i\000n\000t\000e\000g\000r\000a\000l\000e}{subsection.5.1}% 47
\BOOKMARK [3][-]{subsubsection.5.1.6}{\376\377\000O\000b\000e\000r\000f\000l\000\344\000c\000h\000e\000n\000i\000n\000t\000e\000g\000r\000a\000l}{subsection.5.1}% 48
\BOOKMARK [2][-]{subsection.5.2}{\376\377\000D\000i\000f\000f\000e\000r\000e\000n\000t\000i\000a\000l\000r\000e\000c\000h\000n\000u\000n\000g}{section.5}% 49
\BOOKMARK [3][-]{subsubsection.5.2.1}{\376\377\000S\000a\000t\000z\000\040\000v\000o\000n\000\040\000S\000c\000h\000w\000a\000r\000z}{subsection.5.2}% 50
\BOOKMARK [1][-]{section.6}{\376\377\000M\000a\000\337\000t\000h\000e\000o\000r\000i\000e}{}% 51
\BOOKMARK [2][-]{subsection.6.1}{\376\377\000b\000o\000l\000d\0000\000m\000u\000\040\000m\000u\000m\000u\000\040\0002\0000\0000\0005\000/\0000\0006\000/\0002\0008\000\040\000v\000e\000r\000:\000\040\0001\000.\0003\000\040\000s\000u\000b\000f\000i\000g\000\040\000p\000a\000c\000k\000a\000g\000e\040\023\000A\000l\000g\000e\000b\000r\000a}{section.6}% 52
\BOOKMARK [2][-]{subsection.6.2}{\376\377\000J\000o\000r\000d\000a\000n\040\023\000M\000a\000\337}{section.6}% 53
\BOOKMARK [3][-]{subsubsection.6.2.1}{\376\377\000Q\000u\000a\000d\000r\000i\000e\000r\000b\000a\000r\000\040\000/\000\040\000J\000o\000r\000d\000a\000n\040\023\000m\000e\000s\000s\000b\000a\000r}{subsection.6.2}% 54
\BOOKMARK [3][-]{subsubsection.6.2.2}{\376\377\000L\000e\000b\000e\000s\000g\000u\000e\040\023\000m\000e\000s\000s\000b\000a\000r}{subsection.6.2}% 55
\BOOKMARK [2][-]{subsection.6.3}{\376\377\000J\000o\000r\000d\000a\000n\040\023\000N\000u\000l\000l\000m\000e\000n\000g\000e}{section.6}% 56
\BOOKMARK [1][-]{section.7}{\376\377\000H\000i\000l\000b\000e\000r\000t\000r\000\344\000u\000m\000e}{}% 57
\BOOKMARK [1][-]{section.8}{\376\377\000L\000a\000g\000r\000a\000n\000g\000e\040\023\000M\000u\000l\000t\000i\000p\000l\000i\000k\000a\000t\000o\000r\000e\000n}{}% 58
\BOOKMARK [1][-]{section.9}{\376\377\000W\000i\000c\000h\000t\000i\000g\000e\000\040\000B\000e\000g\000r\000i\000f\000f\000e}{}% 59
\BOOKMARK [2][-]{subsection.9.1}{\376\377\000O\000f\000f\000e\000n\000e\000\040\000K\000u\000g\000e\000l}{section.9}% 60
\BOOKMARK [2][-]{subsection.9.2}{\376\377\000P\000u\000n\000k\000t\000i\000e\000r\000t\000e\000\040\000o\000f\000f\000e\000n\000e\000\040\000K\000u\000g\000e\000l}{section.9}% 61
\BOOKMARK [2][-]{subsection.9.3}{\376\377\000Z\000e\000l\000l\000e}{section.9}% 62
\BOOKMARK [2][-]{subsection.9.4}{\376\377\000J\000a\000c\000o\000b\000i\040\023\000M\000a\000t\000r\000i\000x}{section.9}% 63
\BOOKMARK [2][-]{subsection.9.5}{\376\377\000H\000e\000s\000s\000e\040\023\000M\000a\000t\000r\000i\000x}{section.9}% 64
\BOOKMARK [2][-]{subsection.9.6}{\376\377\000P\000a\000r\000a\000m\000e\000t\000r\000i\000s\000i\000e\000r\000u\000n\000g}{section.9}% 65
