\BOOKMARK [1][-]{section.1}{\376\377\000T\000o\000p\000o\000l\000o\000g\000i\000e\000\040\000m\000e\000t\000r\000i\000s\000c\000h\000e\000r\000\040\000R\000\344\000u\000m\000e}{}% 1
\BOOKMARK [2][-]{subsection.1.1}{\376\377\000N\000o\000r\000m}{section.1}% 2
\BOOKMARK [3][-]{subsubsection.1.1.1}{\376\377\000N\000o\000r\000m\000i\000e\000r\000t\000e\000r\000\040\000R\000a\000u\000m}{subsection.1.1}% 3
\BOOKMARK [2][-]{subsection.1.2}{\376\377\000I\000n\000n\000e\000n\000p\000r\000o\000d\000u\000k\000t\000r\000\344\000u\000m\000e}{section.1}% 4
\BOOKMARK [3][-]{subsubsection.1.2.1}{\376\377\000C\000a\000u\000c\000h\000y\040\023\000B\000u\000n\000j\000a\000k\000o\000w\000s\000k\000i\040\023\000S\000c\000h\000w\000a\000r\000z\040\023\000U\000n\000g\000l\000e\000i\000c\000h\000u\000n\000g}{subsection.1.2}% 5
\BOOKMARK [2][-]{subsection.1.3}{\376\377\000L\0002\040\023\000R\000a\000u\000m}{section.1}% 6
\BOOKMARK [2][-]{subsection.1.4}{\376\377\000O\000f\000f\000e\000n\000e\000\040\000u\000n\000d\000\040\000p\000u\000n\000k\000t\000i\000e\000r\000t\000e\000\040\000o\000f\000f\000e\000n\000e\000\040\000K\000u\000g\000e\000l}{section.1}% 7
\BOOKMARK [2][-]{subsection.1.5}{\376\377\000V\000o\000l\000l\000s\000t\000\344\000n\000d\000i\000g\000e\000\040\000R\000\344\000u\000m\000e}{section.1}% 8
\BOOKMARK [2][-]{subsection.1.6}{\376\377\000A\000b\000s\000c\000h\000l\000u\000s\000s\000\040\000u\000n\000d\000\040\000R\000a\000n\000d}{section.1}% 9
\BOOKMARK [2][-]{subsection.1.7}{\376\377\000D\000i\000c\000h\000t\000e\000\040\000M\000e\000n\000g\000e\000n}{section.1}% 10
\BOOKMARK [2][-]{subsection.1.8}{\376\377\000I\000s\000o\000m\000e\000t\000r\000i\000e\000\040\000u\000n\000d\000\040\000i\000s\000o\000m\000e\000t\000r\000i\000s\000c\000h\000e\000\040\000I\000s\000o\000m\000o\000r\000p\000h\000i\000e}{section.1}% 11
\BOOKMARK [2][-]{subsection.1.9}{\376\377\000\304\000q\000u\000i\000v\000a\000l\000e\000n\000z\000r\000e\000l\000a\000t\000i\000o\000n\000e\000n\000\040\000v\000o\000n\000\040\000N\000o\000r\000m\000e\000n}{section.1}% 12
\BOOKMARK [2][-]{subsection.1.10}{\376\377\000A\000b\000s\000t\000a\000n\000d\000\040\000z\000u\000\040\000e\000i\000n\000e\000r\000\040\000k\000o\000m\000p\000a\000k\000t\000e\000n\000\040\000M\000e\000n\000g\000e}{section.1}% 13
\BOOKMARK [1][-]{section.2}{\376\377\000F\000o\000l\000g\000e\000n\000\040\000u\000n\000d\000\040\000S\000t\000e\000t\000i\000g\000k\000e\000i\000t}{}% 14
\BOOKMARK [2][-]{subsection.2.1}{\376\377\000K\000o\000n\000v\000e\000r\000g\000e\000n\000z\000\040\000u\000n\000d\000\040\000C\000a\000u\000c\000h\000y\040\023\000F\000o\000l\000g\000e\000n}{section.2}% 15
\BOOKMARK [3][-]{subsubsection.2.1.1}{\376\377\000K\000o\000n\000v\000e\000r\000g\000e\000n\000z}{subsection.2.1}% 16
\BOOKMARK [3][-]{subsubsection.2.1.2}{\376\377\000K\000o\000n\000v\000e\000r\000g\000e\000n\000z\000\040\000i\000n\000\040\000K\000m}{subsection.2.1}% 17
\BOOKMARK [2][-]{subsection.2.2}{\376\377\000T\000e\000i\000l\000f\000o\000l\000g\000e\000n\000\040\000u\000n\000d\000\040\000k\000o\000m\000p\000a\000k\000t\000e\000\040\000M\000e\000n\000g\000e\000n}{section.2}% 18
\BOOKMARK [3][-]{subsubsection.2.2.1}{\376\377\000\334\000b\000e\000r\000d\000e\000c\000k\000u\000n\000g}{subsection.2.2}% 19
\BOOKMARK [3][-]{subsubsection.2.2.2}{\376\377\000E\000r\000w\000e\000i\000t\000e\000r\000t\000e\000\040\000r\000e\000e\000l\000l\000e\000\040\000Z\000a\000h\000l\000e\000n\000g\000r\000a\000d\000e}{subsection.2.2}% 20
\BOOKMARK [3][-]{subsubsection.2.2.3}{\376\377\000O\000b\000e\000r\000e\000\040\000u\000n\000d\000\040\000u\000n\000t\000e\000r\000e\000\040\000G\000r\000e\000n\000z\000w\000e\000r\000t\000e}{subsection.2.2}% 21
\BOOKMARK [2][-]{subsection.2.3}{\376\377\000G\000r\000e\000n\000z\000w\000e\000r\000t\000e\000\040\000u\000n\000d\000\040\000S\000t\000e\000t\000i\000g\000k\000e\000i\000t\000\040\000v\000o\000n\000\040\000F\000u\000n\000k\000t\000i\000o\000n\000e\000n}{section.2}% 22
\BOOKMARK [2][-]{subsection.2.4}{\376\377\000T\000o\000p\000o\000l\000o\000g\000i\000s\000c\000h\000e\000\040\000S\000t\000e\000t\000i\000g\000k\000e\000i\000t}{section.2}% 23
\BOOKMARK [2][-]{subsection.2.5}{\376\377\000K\000o\000m\000p\000o\000n\000e\000n\000t\000e\000n\000w\000e\000i\000s\000e\000\040\000S\000t\000e\000t\000i\000g\000k\000e\000i\000t}{section.2}% 24
\BOOKMARK [2][-]{subsection.2.6}{\376\377\000l\000p\040\023\000P\000r\000o\000d\000u\000k\000t\000n\000o\000r\000m\000e\000n}{section.2}% 25
\BOOKMARK [2][-]{subsection.2.7}{\376\377\000S\000t\000e\000t\000i\000g\000k\000e\000i\000t\000\040\000v\000o\000n\000\040\000E\000i\000n\000s\000c\000h\000r\000\344\000n\000k\000u\000n\000g\000e\000n}{section.2}% 26
\BOOKMARK [2][-]{subsection.2.8}{\376\377\000L\000i\000p\000s\000c\000h\000i\000t\000z\040\023\000S\000t\000e\000t\000i\000g\000k\000e\000i\000t}{section.2}% 27
\BOOKMARK [2][-]{subsection.2.9}{\376\377\000S\000t\000e\000t\000i\000g\000e\000\040\000F\000u\000n\000k\000t\000i\000o\000n\000e\000n\000\040\000a\000u\000f\000\040\000k\000o\000m\000p\000a\000k\000t\000e\000n\000\040\000M\000e\000n\000g\000e\000n}{section.2}% 28
\BOOKMARK [2][-]{subsection.2.10}{\376\377\000W\000e\000g\000z\000u\000s\000a\000m\000m\000e\000n\000h\000\344\000n\000g\000e\000n\000d\000e\000\040\000M\000e\000n\000g\000e\000n\000\040\000u\000n\000d\000\040\000s\000t\000e\000t\000i\000g\000e\000\040\000F\000u\000n\000k\000t\000i\000o\000n\000e\000n}{section.2}% 29
\BOOKMARK [1][-]{section.3}{\376\377\000S\000t\000e\000t\000i\000g\000e\000\040\000L\000i\000n\000e\000a\000r\000e\000\040\000O\000p\000e\000r\000a\000t\000o\000r\000e\000n}{}% 30
\BOOKMARK [2][-]{subsection.3.1}{\376\377\000B\000e\000s\000c\000h\000r\000\344\000n\000k\000t\000e\000\040\000F\000u\000n\000k\000t\000i\000o\000n\000e\000n}{section.3}% 31
\BOOKMARK [2][-]{subsection.3.2}{\376\377\000P\000o\000l\000y\000n\000o\000m\000e\000\040\000m\000e\000h\000r\000e\000r\000e\000r\000\040\000V\000a\000r\000i\000a\000b\000l\000e\000n}{section.3}% 32
\BOOKMARK [2][-]{subsection.3.3}{\376\377\000O\000p\000e\000r\000a\000t\000i\000o\000n\000e\000n\000\040\000m\000i\000t\000\040\000G\000r\000e\000n\000z\000w\000e\000r\000t\000e\000n\000\040\000d\000e\000r\000\040\000F\000u\000n\000k\000t\000i\000o\000n\000e\000n}{section.3}% 33
\BOOKMARK [3][-]{subsubsection.3.3.1}{\376\377\000L\000i\000n\000k\000s\040\023\000\040\000u\000n\000d\000\040\000r\000e\000c\000h\000t\000s\000s\000e\000i\000t\000i\000g\000e\000\040\000/\000\040\000o\000b\000e\000r\000e\000\040\000u\000n\000d\000\040\000u\000n\000t\000e\000r\000e\000\040\000G\000r\000e\000n\000z\000w\000e\000r\000t\000e\000\040\000v\000o\000n\000\040\000F\000u\000n\000k\000t\000i\000o\000n\000e\000n}{subsection.3.3}% 34
\BOOKMARK [1][-]{section.4}{\376\377\000M\000a\000t\000r\000i\000z\000e\000n}{}% 35
\BOOKMARK [2][-]{subsection.4.1}{\376\377\000S\000p\000e\000k\000t\000r\000a\000l\000s\000a\000t\000z\000\040\000f\000\374\000r\000\040\000s\000e\000l\000b\000s\000t\000a\000d\000j\000u\000n\000g\000i\000e\000r\000t\000e\000\040\000M\000a\000t\000r\000i\000z\000e\000n}{section.4}% 36
\BOOKMARK [3][-]{subsubsection.4.1.1}{\376\377\000A\000d\000j\000u\000n\000g\000i\000e\000r\000t\000e\000\040\000u\000n\000d\000\040\000s\000e\000l\000b\000s\000t\000a\000d\000j\000u\000n\000g\000i\000e\000r\000t\000e\000\040\000q\000u\000a\000d\000r\000a\000t\000i\000s\000c\000h\000e\000\040\000M\000a\000t\000r\000i\000z\000e\000n}{subsection.4.1}% 37
\BOOKMARK [3][-]{subsubsection.4.1.2}{\376\377\000S\000p\000e\000k\000t\000r\000a\000l\000s\000a\000t\000z}{subsection.4.1}% 38
\BOOKMARK [1][-]{section.5}{\376\377\000M\000e\000h\000r\000d\000i\000m\000e\000n\000s\000i\000o\000n\000a\000l\000e\000\040\000D\000i\000f\000f\000e\000r\000e\000n\000z\000i\000a\000l\000g\000l\000e\000i\000c\000h\000u\000n\000g\000e\000n}{}% 39
\BOOKMARK [1][-]{section.6}{\376\377\000M\000e\000h\000r\000d\000i\000m\000e\000n\000t\000i\000o\000n\000a\000l\000e\000\040\000I\000n\000t\000e\000g\000r\000a\000l\000r\000e\000c\000h\000n\000u\000n\000g}{}% 40
\BOOKMARK [1][-]{section.7}{\376\377\000V\000e\000k\000t\000o\000r\000a\000n\000a\000l\000y\000s\000i\000s}{}% 41
\BOOKMARK [1][-]{section.8}{\376\377\000H\000i\000l\000b\000e\000r\000t\000r\000\344\000u\000m\000e\000,\000\040\000L\0002\040\023\000R\000\344\000u\000m\000e\000\040\000u\000n\000d\000\040\000F\000o\000u\000r\000i\000e\000r\000r\000e\000i\000h\000e\000n}{}% 42
\BOOKMARK [1][-]{section.9}{\376\377\000V\000a\000r\000i\000a\000t\000i\000o\000n\000s\000r\000e\000c\000h\000n\000u\000n\000g\000\040\000u\000n\000d\000\040\000L\000a\000p\000l\000a\000c\000e\040\023\000O\000p\000e\000r\000a\000t\000o\000r}{}% 43
\BOOKMARK [1][-]{section.10}{\376\377\000N\000o\000t\000i\000z\000e\000n}{}% 44
